2025-03-28 20:09:19,823 - werkzeug - INFO - [31m[1mWARNING: This is a development server. Do not use it in a production deployment. Use a production WSGI server instead.[0m
 * Running on http://127.0.0.1:5000
2025-03-28 20:09:19,823 - werkzeug - INFO - [33mPress CTRL+C to quit[0m
2025-03-28 20:09:19,826 - werkzeug - INFO -  * Restarting with stat
2025-03-28 20:09:20,033 - werkzeug - WARNING -  * Debugger is active!
2025-03-28 20:09:20,036 - werkzeug - INFO -  * Debugger PIN: 104-978-800
2025-03-28 20:09:24,314 - werkzeug - INFO - 127.0.0.1 - - [28/Mar/2025 20:09:24] "GET / HTTP/1.1" 200 -
2025-03-28 20:09:24,382 - werkzeug - INFO - 127.0.0.1 - - [28/Mar/2025 20:09:24] "[36mGET /static/style.css HTTP/1.1[0m" 304 -
2025-03-28 20:09:24,401 - werkzeug - INFO - 127.0.0.1 - - [28/Mar/2025 20:09:24] "[36mGET /static/script.js HTTP/1.1[0m" 304 -
2025-03-28 20:09:24,401 - werkzeug - INFO - 127.0.0.1 - - [28/Mar/2025 20:09:24] "[36mGET /static/logo.jpg HTTP/1.1[0m" 304 -
2025-03-28 20:09:27,041 - werkzeug - INFO - 127.0.0.1 - - [28/Mar/2025 20:09:27] "GET /config HTTP/1.1" 200 -
2025-03-28 20:09:27,075 - werkzeug - INFO - 127.0.0.1 - - [28/Mar/2025 20:09:27] "[36mGET /static/style.css HTTP/1.1[0m" 304 -
2025-03-28 20:09:27,079 - werkzeug - INFO - 127.0.0.1 - - [28/Mar/2025 20:09:27] "[36mGET /static/script.js HTTP/1.1[0m" 304 -
2025-03-28 20:09:27,079 - werkzeug - INFO - 127.0.0.1 - - [28/Mar/2025 20:09:27] "[36mGET /static/logo.jpg HTTP/1.1[0m" 304 -
2025-03-28 20:09:29,190 - werkzeug - INFO - 127.0.0.1 - - [28/Mar/2025 20:09:29] "POST /set-provider HTTP/1.1" 200 -
2025-03-28 20:09:29,197 - werkzeug - INFO - 127.0.0.1 - - [28/Mar/2025 20:09:29] "GET / HTTP/1.1" 200 -
2025-03-28 20:09:29,231 - werkzeug - INFO - 127.0.0.1 - - [28/Mar/2025 20:09:29] "[36mGET /static/style.css HTTP/1.1[0m" 304 -
2025-03-28 20:09:29,235 - werkzeug - INFO - 127.0.0.1 - - [28/Mar/2025 20:09:29] "[36mGET /static/logo.jpg HTTP/1.1[0m" 304 -
2025-03-28 20:09:29,237 - werkzeug - INFO - 127.0.0.1 - - [28/Mar/2025 20:09:29] "[36mGET /static/script.js HTTP/1.1[0m" 304 -
2025-03-28 20:09:37,592 - werkzeug - INFO - 127.0.0.1 - - [28/Mar/2025 20:09:37] "POST /generate-exercise HTTP/1.1" 200 -
2025-03-28 20:09:50,720 - werkzeug - INFO - 127.0.0.1 - - [28/Mar/2025 20:09:50] "GET /config HTTP/1.1" 200 -
2025-03-28 20:09:50,741 - werkzeug - INFO - 127.0.0.1 - - [28/Mar/2025 20:09:50] "[36mGET /static/style.css HTTP/1.1[0m" 304 -
2025-03-28 20:09:50,748 - werkzeug - INFO - 127.0.0.1 - - [28/Mar/2025 20:09:50] "[36mGET /static/logo.jpg HTTP/1.1[0m" 304 -
2025-03-28 20:09:50,754 - werkzeug - INFO - 127.0.0.1 - - [28/Mar/2025 20:09:50] "[36mGET /static/script.js HTTP/1.1[0m" 304 -
2025-03-28 20:16:13,063 - werkzeug - INFO -  * Detected change in 'D:\\exercices-python-v0\\test.py', reloading
2025-03-28 20:16:13,093 - werkzeug - INFO -  * Restarting with stat
2025-03-28 20:16:13,370 - werkzeug - WARNING -  * Debugger is active!
2025-03-28 20:16:13,374 - werkzeug - INFO -  * Debugger PIN: 104-978-800
2025-03-28 20:16:46,369 - werkzeug - INFO - 127.0.0.1 - - [28/Mar/2025 20:16:46] "GET / HTTP/1.1" 200 -
2025-03-28 20:16:46,441 - werkzeug - INFO - 127.0.0.1 - - [28/Mar/2025 20:16:46] "[36mGET /static/style.css HTTP/1.1[0m" 304 -
2025-03-28 20:16:46,460 - werkzeug - INFO - 127.0.0.1 - - [28/Mar/2025 20:16:46] "[36mGET /static/script.js HTTP/1.1[0m" 304 -
2025-03-28 20:16:46,460 - werkzeug - INFO - 127.0.0.1 - - [28/Mar/2025 20:16:46] "[36mGET /static/logo.jpg HTTP/1.1[0m" 304 -
2025-03-28 20:16:48,904 - werkzeug - INFO - 127.0.0.1 - - [28/Mar/2025 20:16:48] "GET /config HTTP/1.1" 200 -
2025-03-28 20:16:48,941 - werkzeug - INFO - 127.0.0.1 - - [28/Mar/2025 20:16:48] "[36mGET /static/style.css HTTP/1.1[0m" 304 -
2025-03-28 20:16:48,943 - werkzeug - INFO - 127.0.0.1 - - [28/Mar/2025 20:16:48] "[36mGET /static/logo.jpg HTTP/1.1[0m" 304 -
2025-03-28 20:16:48,943 - werkzeug - INFO - 127.0.0.1 - - [28/Mar/2025 20:16:48] "[36mGET /static/script.js HTTP/1.1[0m" 304 -
2025-03-28 20:17:06,257 - werkzeug - INFO - 127.0.0.1 - - [28/Mar/2025 20:17:06] "GET /config HTTP/1.1" 200 -
2025-03-28 20:17:06,280 - werkzeug - INFO - 127.0.0.1 - - [28/Mar/2025 20:17:06] "[36mGET /static/style.css HTTP/1.1[0m" 304 -
2025-03-28 20:17:06,288 - werkzeug - INFO - 127.0.0.1 - - [28/Mar/2025 20:17:06] "[36mGET /static/logo.jpg HTTP/1.1[0m" 304 -
2025-03-28 20:17:06,289 - werkzeug - INFO - 127.0.0.1 - - [28/Mar/2025 20:17:06] "[36mGET /static/script.js HTTP/1.1[0m" 304 -
2025-03-28 20:17:17,474 - werkzeug - INFO - [31m[1mWARNING: This is a development server. Do not use it in a production deployment. Use a production WSGI server instead.[0m
 * Running on http://127.0.0.1:5000
2025-03-28 20:17:17,474 - werkzeug - INFO - [33mPress CTRL+C to quit[0m
2025-03-28 20:17:17,476 - werkzeug - INFO -  * Restarting with stat
2025-03-28 20:17:17,680 - werkzeug - WARNING -  * Debugger is active!
2025-03-28 20:17:17,683 - werkzeug - INFO -  * Debugger PIN: 104-978-800
2025-03-28 20:17:22,505 - werkzeug - INFO - 127.0.0.1 - - [28/Mar/2025 20:17:22] "GET /config HTTP/1.1" 200 -
2025-03-28 20:17:22,575 - werkzeug - INFO - 127.0.0.1 - - [28/Mar/2025 20:17:22] "[36mGET /static/script.js HTTP/1.1[0m" 304 -
2025-03-28 20:17:22,575 - werkzeug - INFO - 127.0.0.1 - - [28/Mar/2025 20:17:22] "[36mGET /static/style.css HTTP/1.1[0m" 304 -
2025-03-28 20:17:22,575 - werkzeug - INFO - 127.0.0.1 - - [28/Mar/2025 20:17:22] "[36mGET /static/logo.jpg HTTP/1.1[0m" 304 -
2025-03-28 20:17:35,191 - werkzeug - INFO - 127.0.0.1 - - [28/Mar/2025 20:17:35] "GET /config?gemini_api_key=&ai-provider=mistral&codestral_api_key= HTTP/1.1" 200 -
2025-03-28 20:17:35,223 - werkzeug - INFO - 127.0.0.1 - - [28/Mar/2025 20:17:35] "[36mGET /static/style.css HTTP/1.1[0m" 304 -
2025-03-28 20:17:35,228 - werkzeug - INFO - 127.0.0.1 - - [28/Mar/2025 20:17:35] "[36mGET /static/script.js HTTP/1.1[0m" 304 -
2025-03-28 20:17:35,228 - werkzeug - INFO - 127.0.0.1 - - [28/Mar/2025 20:17:35] "[36mGET /static/logo.jpg HTTP/1.1[0m" 304 -
2025-03-28 20:17:47,951 - werkzeug - INFO -  * Detected change in 'D:\\exercices-python-v0\\test.py', reloading
2025-03-28 20:17:47,976 - werkzeug - INFO -  * Restarting with stat
2025-03-28 20:17:48,207 - werkzeug - WARNING -  * Debugger is active!
2025-03-28 20:17:48,211 - werkzeug - INFO -  * Debugger PIN: 104-978-800
2025-03-28 20:26:51,386 - werkzeug - INFO - [31m[1mWARNING: This is a development server. Do not use it in a production deployment. Use a production WSGI server instead.[0m
 * Running on http://127.0.0.1:5000
2025-03-28 20:26:51,387 - werkzeug - INFO - [33mPress CTRL+C to quit[0m
2025-03-28 20:26:51,389 - werkzeug - INFO -  * Restarting with stat
2025-03-28 20:26:51,598 - werkzeug - WARNING -  * Debugger is active!
2025-03-28 20:26:51,602 - werkzeug - INFO -  * Debugger PIN: 104-978-800
2025-03-28 20:26:54,582 - werkzeug - INFO - 127.0.0.1 - - [28/Mar/2025 20:26:54] "GET /config?gemini_api_key=&ai-provider=mistral&codestral_api_key= HTTP/1.1" 200 -
2025-03-28 20:26:54,649 - werkzeug - INFO - 127.0.0.1 - - [28/Mar/2025 20:26:54] "[36mGET /static/style.css HTTP/1.1[0m" 304 -
2025-03-28 20:26:54,665 - werkzeug - INFO - 127.0.0.1 - - [28/Mar/2025 20:26:54] "[36mGET /static/script.js HTTP/1.1[0m" 304 -
2025-03-28 20:26:54,666 - werkzeug - INFO - 127.0.0.1 - - [28/Mar/2025 20:26:54] "[36mGET /static/logo.jpg HTTP/1.1[0m" 304 -
2025-03-28 20:26:58,334 - werkzeug - INFO - 127.0.0.1 - - [28/Mar/2025 20:26:58] "POST /set-provider HTTP/1.1" 200 -
2025-03-28 20:26:58,347 - werkzeug - INFO - 127.0.0.1 - - [28/Mar/2025 20:26:58] "GET / HTTP/1.1" 200 -
2025-03-28 20:26:58,385 - werkzeug - INFO - 127.0.0.1 - - [28/Mar/2025 20:26:58] "[36mGET /static/style.css HTTP/1.1[0m" 304 -
2025-03-28 20:26:58,389 - werkzeug - INFO - 127.0.0.1 - - [28/Mar/2025 20:26:58] "[36mGET /static/script.js HTTP/1.1[0m" 304 -
2025-03-28 20:26:58,389 - werkzeug - INFO - 127.0.0.1 - - [28/Mar/2025 20:26:58] "[36mGET /static/logo.jpg HTTP/1.1[0m" 304 -
2025-03-28 20:27:07,029 - werkzeug - INFO - 127.0.0.1 - - [28/Mar/2025 20:27:07] "POST /generate-exercise HTTP/1.1" 200 -
2025-03-28 20:36:09,099 - werkzeug - INFO - [31m[1mWARNING: This is a development server. Do not use it in a production deployment. Use a production WSGI server instead.[0m
 * Running on http://127.0.0.1:5000
2025-03-28 20:36:09,099 - werkzeug - INFO - [33mPress CTRL+C to quit[0m
2025-03-28 20:36:15,532 - werkzeug - INFO - 127.0.0.1 - - [28/Mar/2025 20:36:15] "GET / HTTP/1.1" 200 -
2025-03-28 20:36:15,602 - werkzeug - INFO - 127.0.0.1 - - [28/Mar/2025 20:36:15] "[36mGET /static/style.css HTTP/1.1[0m" 304 -
2025-03-28 20:36:15,623 - werkzeug - INFO - 127.0.0.1 - - [28/Mar/2025 20:36:15] "[36mGET /static/logo.jpg HTTP/1.1[0m" 304 -
2025-03-28 20:36:15,624 - werkzeug - INFO - 127.0.0.1 - - [28/Mar/2025 20:36:15] "[36mGET /static/script.js HTTP/1.1[0m" 304 -
2025-03-28 20:36:33,686 - werkzeug - INFO - 127.0.0.1 - - [28/Mar/2025 20:36:33] "POST /generate-exercise HTTP/1.1" 200 -
2025-03-28 20:36:35,192 - werkzeug - INFO - 127.0.0.1 - - [28/Mar/2025 20:36:35] "GET /config HTTP/1.1" 200 -
2025-03-28 20:36:35,216 - werkzeug - INFO - 127.0.0.1 - - [28/Mar/2025 20:36:35] "[36mGET /static/style.css HTTP/1.1[0m" 304 -
2025-03-28 20:36:35,224 - werkzeug - INFO - 127.0.0.1 - - [28/Mar/2025 20:36:35] "[36mGET /static/logo.jpg HTTP/1.1[0m" 304 -
2025-03-28 20:36:35,229 - werkzeug - INFO - 127.0.0.1 - - [28/Mar/2025 20:36:35] "[36mGET /static/script.js HTTP/1.1[0m" 304 -
2025-03-28 20:36:37,608 - werkzeug - INFO - 127.0.0.1 - - [28/Mar/2025 20:36:37] "POST /set-provider HTTP/1.1" 200 -
2025-03-28 20:36:37,615 - werkzeug - INFO - 127.0.0.1 - - [28/Mar/2025 20:36:37] "GET / HTTP/1.1" 200 -
2025-03-28 20:36:37,651 - werkzeug - INFO - 127.0.0.1 - - [28/Mar/2025 20:36:37] "[36mGET /static/style.css HTTP/1.1[0m" 304 -
2025-03-28 20:36:37,655 - werkzeug - INFO - 127.0.0.1 - - [28/Mar/2025 20:36:37] "[36mGET /static/logo.jpg HTTP/1.1[0m" 304 -
2025-03-28 20:36:37,656 - werkzeug - INFO - 127.0.0.1 - - [28/Mar/2025 20:36:37] "[36mGET /static/script.js HTTP/1.1[0m" 304 -
2025-03-28 20:36:47,948 - werkzeug - INFO - 127.0.0.1 - - [28/Mar/2025 20:36:47] "POST /generate-exercise HTTP/1.1" 200 -
2025-03-28 20:37:03,002 - werkzeug - INFO - 127.0.0.1 - - [28/Mar/2025 20:37:03] "GET /config HTTP/1.1" 200 -
2025-03-28 20:37:03,021 - werkzeug - INFO - 127.0.0.1 - - [28/Mar/2025 20:37:03] "[36mGET /static/style.css HTTP/1.1[0m" 304 -
2025-03-28 20:37:03,028 - werkzeug - INFO - 127.0.0.1 - - [28/Mar/2025 20:37:03] "[36mGET /static/logo.jpg HTTP/1.1[0m" 304 -
2025-03-28 20:37:03,035 - werkzeug - INFO - 127.0.0.1 - - [28/Mar/2025 20:37:03] "[36mGET /static/script.js HTTP/1.1[0m" 304 -
2025-03-28 20:37:06,118 - werkzeug - INFO - 127.0.0.1 - - [28/Mar/2025 20:37:06] "POST /set-provider HTTP/1.1" 200 -
2025-03-28 20:37:06,127 - werkzeug - INFO - 127.0.0.1 - - [28/Mar/2025 20:37:06] "GET / HTTP/1.1" 200 -
2025-03-28 20:37:06,161 - werkzeug - INFO - 127.0.0.1 - - [28/Mar/2025 20:37:06] "[36mGET /static/style.css HTTP/1.1[0m" 304 -
2025-03-28 20:37:06,167 - werkzeug - INFO - 127.0.0.1 - - [28/Mar/2025 20:37:06] "[36mGET /static/logo.jpg HTTP/1.1[0m" 304 -
2025-03-28 20:37:06,167 - werkzeug - INFO - 127.0.0.1 - - [28/Mar/2025 20:37:06] "[36mGET /static/script.js HTTP/1.1[0m" 304 -
2025-03-28 20:37:13,904 - werkzeug - INFO - 127.0.0.1 - - [28/Mar/2025 20:37:13] "POST /generate-exercise HTTP/1.1" 200 -
2025-03-28 20:37:20,892 - werkzeug - INFO - 127.0.0.1 - - [28/Mar/2025 20:37:20] "POST /evaluate-code HTTP/1.1" 200 -
2025-03-28 20:42:37,573 - werkzeug - INFO - [31m[1mWARNING: This is a development server. Do not use it in a production deployment. Use a production WSGI server instead.[0m
 * Running on http://127.0.0.1:5000
2025-03-28 20:42:37,573 - werkzeug - INFO - [33mPress CTRL+C to quit[0m
2025-03-28 20:42:40,718 - werkzeug - INFO - 127.0.0.1 - - [28/Mar/2025 20:42:40] "GET / HTTP/1.1" 200 -
2025-03-28 20:42:40,785 - werkzeug - INFO - 127.0.0.1 - - [28/Mar/2025 20:42:40] "[36mGET /static/style.css HTTP/1.1[0m" 304 -
2025-03-28 20:42:40,806 - werkzeug - INFO - 127.0.0.1 - - [28/Mar/2025 20:42:40] "[36mGET /static/logo.jpg HTTP/1.1[0m" 304 -
2025-03-28 20:42:40,807 - werkzeug - INFO - 127.0.0.1 - - [28/Mar/2025 20:42:40] "[36mGET /static/script.js HTTP/1.1[0m" 304 -
2025-03-28 20:51:02,428 - werkzeug - INFO - [31m[1mWARNING: This is a development server. Do not use it in a production deployment. Use a production WSGI server instead.[0m
 * Running on http://127.0.0.1:5000
2025-03-28 20:51:02,428 - werkzeug - INFO - [33mPress CTRL+C to quit[0m
2025-03-28 20:51:04,421 - werkzeug - INFO - 127.0.0.1 - - [28/Mar/2025 20:51:04] "GET / HTTP/1.1" 200 -
2025-03-28 20:51:04,476 - werkzeug - INFO - 127.0.0.1 - - [28/Mar/2025 20:51:04] "[36mGET /static/style.css HTTP/1.1[0m" 304 -
2025-03-28 20:51:04,513 - werkzeug - INFO - 127.0.0.1 - - [28/Mar/2025 20:51:04] "[36mGET /static/script.js HTTP/1.1[0m" 304 -
2025-03-28 20:51:04,513 - werkzeug - INFO - 127.0.0.1 - - [28/Mar/2025 20:51:04] "[36mGET /static/logo.jpg HTTP/1.1[0m" 304 -
2025-03-28 20:51:06,833 - werkzeug - INFO - 127.0.0.1 - - [28/Mar/2025 20:51:06] "GET /ged HTTP/1.1" 200 -
2025-03-28 20:51:06,859 - werkzeug - INFO - 127.0.0.1 - - [28/Mar/2025 20:51:06] "[36mGET /static/style.css HTTP/1.1[0m" 304 -
2025-03-28 20:51:06,866 - werkzeug - INFO - 127.0.0.1 - - [28/Mar/2025 20:51:06] "[36mGET /static/logo.jpg HTTP/1.1[0m" 304 -
2025-03-28 20:51:06,871 - werkzeug - INFO - 127.0.0.1 - - [28/Mar/2025 20:51:06] "[36mGET /static/script.js HTTP/1.1[0m" 304 -
2025-03-28 20:51:22,885 - app - ERROR - Exception on /upload [POST]
Traceback (most recent call last):
  File "d:\exercices-python-v0\.venv\Lib\site-packages\flask\app.py", line 2190, in wsgi_app
    response = self.full_dispatch_request()
  File "d:\exercices-python-v0\.venv\Lib\site-packages\flask\app.py", line 1486, in full_dispatch_request
    rv = self.handle_user_exception(e)
  File "d:\exercices-python-v0\.venv\Lib\site-packages\flask\app.py", line 1484, in full_dispatch_request
    rv = self.dispatch_request()
  File "d:\exercices-python-v0\.venv\Lib\site-packages\flask\app.py", line 1469, in dispatch_request
    return self.ensure_sync(self.view_functions[rule.endpoint])(**view_args)
           ~~~~~~~~~~~~~~~~~~~~~~~~~~~~~~~~~~~~~~~~~~~~~~~~~~~~^^^^^^^^^^^^^
  File "D:\exercices-python-v0\app.py", line 376, in upload_document
    new_doc = Document(
        nom_fichier=filename,
        nom_unique=unique_name,
        tags=request.form.get('tags', '')
    )
  File "<string>", line 4, in __init__
  File "d:\exercices-python-v0\.venv\Lib\site-packages\sqlalchemy\orm\state.py", line 571, in _initialize_instance
    with util.safe_reraise():
         ~~~~~~~~~~~~~~~~~^^
  File "d:\exercices-python-v0\.venv\Lib\site-packages\sqlalchemy\util\langhelpers.py", line 146, in __exit__
    raise exc_value.with_traceback(exc_tb)
  File "d:\exercices-python-v0\.venv\Lib\site-packages\sqlalchemy\orm\state.py", line 569, in _initialize_instance
    manager.original_init(*mixed[1:], **kwargs)
    ~~~~~~~~~~~~~~~~~~~~~^^^^^^^^^^^^^^^^^^^^^^
  File "d:\exercices-python-v0\.venv\Lib\site-packages\sqlalchemy\orm\decl_base.py", line 2178, in _declarative_constructor
    setattr(self, k, kwargs[k])
    ~~~~~~~^^^^^^^^^^^^^^^^^^^^
  File "d:\exercices-python-v0\.venv\Lib\site-packages\sqlalchemy\orm\attributes.py", line 537, in __set__
    self.impl.set(
    ~~~~~~~~~~~~~^
        instance_state(instance), instance_dict(instance), value, None
        ^^^^^^^^^^^^^^^^^^^^^^^^^^^^^^^^^^^^^^^^^^^^^^^^^^^^^^^^^^^^^^
    )
    ^
  File "d:\exercices-python-v0\.venv\Lib\site-packages\sqlalchemy\orm\attributes.py", line 1941, in set
    raise TypeError(
    ...<2 lines>...
    )
TypeError: Incompatible collection type: str is not list-like
2025-03-28 20:51:22,889 - werkzeug - INFO - 127.0.0.1 - - [28/Mar/2025 20:51:22] "[35m[1mPOST /upload HTTP/1.1[0m" 500 -
2025-03-28 20:53:07,835 - werkzeug - INFO - [31m[1mWARNING: This is a development server. Do not use it in a production deployment. Use a production WSGI server instead.[0m
 * Running on http://127.0.0.1:5000
2025-03-28 20:53:07,835 - werkzeug - INFO - [33mPress CTRL+C to quit[0m
2025-03-28 20:53:23,994 - werkzeug - INFO - 127.0.0.1 - - [28/Mar/2025 20:53:23] "GET /ged HTTP/1.1" 200 -
2025-03-28 20:53:24,011 - werkzeug - INFO - 127.0.0.1 - - [28/Mar/2025 20:53:24] "[36mGET /static/style.css HTTP/1.1[0m" 304 -
2025-03-28 20:53:24,038 - werkzeug - INFO - 127.0.0.1 - - [28/Mar/2025 20:53:24] "[36mGET /static/script.js HTTP/1.1[0m" 304 -
2025-03-28 20:53:24,038 - werkzeug - INFO - 127.0.0.1 - - [28/Mar/2025 20:53:24] "[36mGET /static/logo.jpg HTTP/1.1[0m" 304 -
2025-03-28 20:54:16,438 - app - ERROR - Exception on /upload [POST]
Traceback (most recent call last):
  File "d:\exercices-python-v0\.venv\Lib\site-packages\flask\app.py", line 2190, in wsgi_app
    response = self.full_dispatch_request()
  File "d:\exercices-python-v0\.venv\Lib\site-packages\flask\app.py", line 1486, in full_dispatch_request
    rv = self.handle_user_exception(e)
  File "d:\exercices-python-v0\.venv\Lib\site-packages\flask\app.py", line 1484, in full_dispatch_request
    rv = self.dispatch_request()
  File "d:\exercices-python-v0\.venv\Lib\site-packages\flask\app.py", line 1469, in dispatch_request
    return self.ensure_sync(self.view_functions[rule.endpoint])(**view_args)
           ~~~~~~~~~~~~~~~~~~~~~~~~~~~~~~~~~~~~~~~~~~~~~~~~~~~~^^^^^^^^^^^^^
  File "D:\exercices-python-v0\app.py", line 376, in upload_document
    # Création du document sans les tags
             ^^^^^^^^^^^^^^^^^^^^^^^^^^^
    ...<3 lines>...
    )
    ^
  File "<string>", line 4, in __init__
  File "d:\exercices-python-v0\.venv\Lib\site-packages\sqlalchemy\orm\state.py", line 571, in _initialize_instance
    with util.safe_reraise():
         ~~~~~~~~~~~~~~~~~^^
  File "d:\exercices-python-v0\.venv\Lib\site-packages\sqlalchemy\util\langhelpers.py", line 146, in __exit__
    raise exc_value.with_traceback(exc_tb)
  File "d:\exercices-python-v0\.venv\Lib\site-packages\sqlalchemy\orm\state.py", line 569, in _initialize_instance
    manager.original_init(*mixed[1:], **kwargs)
    ~~~~~~~~~~~~~~~~~~~~~^^^^^^^^^^^^^^^^^^^^^^
  File "d:\exercices-python-v0\.venv\Lib\site-packages\sqlalchemy\orm\decl_base.py", line 2178, in _declarative_constructor
    setattr(self, k, kwargs[k])
    ~~~~~~~^^^^^^^^^^^^^^^^^^^^
  File "d:\exercices-python-v0\.venv\Lib\site-packages\sqlalchemy\orm\attributes.py", line 537, in __set__
    self.impl.set(
    ~~~~~~~~~~~~~^
        instance_state(instance), instance_dict(instance), value, None
        ^^^^^^^^^^^^^^^^^^^^^^^^^^^^^^^^^^^^^^^^^^^^^^^^^^^^^^^^^^^^^^
    )
    ^
  File "d:\exercices-python-v0\.venv\Lib\site-packages\sqlalchemy\orm\attributes.py", line 1941, in set
    raise TypeError(
    ...<2 lines>...
    )
TypeError: Incompatible collection type: str is not list-like
2025-03-28 20:54:16,449 - werkzeug - INFO - 127.0.0.1 - - [28/Mar/2025 20:54:16] "[35m[1mPOST /upload HTTP/1.1[0m" 500 -
2025-03-28 20:55:19,020 - werkzeug - INFO - 127.0.0.1 - - [28/Mar/2025 20:55:19] "GET /ged HTTP/1.1" 200 -
2025-03-28 20:55:19,043 - werkzeug - INFO - 127.0.0.1 - - [28/Mar/2025 20:55:19] "[36mGET /static/style.css HTTP/1.1[0m" 304 -
2025-03-28 20:55:19,053 - werkzeug - INFO - 127.0.0.1 - - [28/Mar/2025 20:55:19] "[36mGET /static/script.js HTTP/1.1[0m" 304 -
2025-03-28 20:55:19,053 - werkzeug - INFO - 127.0.0.1 - - [28/Mar/2025 20:55:19] "[36mGET /static/logo.jpg HTTP/1.1[0m" 304 -
2025-03-28 20:55:22,270 - werkzeug - INFO - 127.0.0.1 - - [28/Mar/2025 20:55:22] "GET / HTTP/1.1" 200 -
2025-03-28 20:55:22,293 - werkzeug - INFO - 127.0.0.1 - - [28/Mar/2025 20:55:22] "[36mGET /static/style.css HTTP/1.1[0m" 304 -
2025-03-28 20:55:22,300 - werkzeug - INFO - 127.0.0.1 - - [28/Mar/2025 20:55:22] "[36mGET /static/logo.jpg HTTP/1.1[0m" 304 -
2025-03-28 20:55:22,304 - werkzeug - INFO - 127.0.0.1 - - [28/Mar/2025 20:55:22] "[36mGET /static/script.js HTTP/1.1[0m" 304 -
2025-03-28 20:56:10,450 - werkzeug - INFO - [31m[1mWARNING: This is a development server. Do not use it in a production deployment. Use a production WSGI server instead.[0m
 * Running on http://127.0.0.1:5000
2025-03-28 20:56:10,450 - werkzeug - INFO - [33mPress CTRL+C to quit[0m
2025-03-28 20:56:10,451 - werkzeug - INFO -  * Restarting with stat
2025-03-28 20:56:10,911 - werkzeug - WARNING -  * Debugger is active!
2025-03-28 20:56:10,913 - werkzeug - INFO -  * Debugger PIN: 104-978-800
2025-03-28 20:56:12,317 - werkzeug - INFO - 127.0.0.1 - - [28/Mar/2025 20:56:12] "GET / HTTP/1.1" 200 -
2025-03-28 20:56:12,399 - werkzeug - INFO - 127.0.0.1 - - [28/Mar/2025 20:56:12] "[36mGET /static/style.css HTTP/1.1[0m" 304 -
2025-03-28 20:56:12,400 - werkzeug - INFO - 127.0.0.1 - - [28/Mar/2025 20:56:12] "[36mGET /static/logo.jpg HTTP/1.1[0m" 304 -
2025-03-28 20:56:12,401 - werkzeug - INFO - 127.0.0.1 - - [28/Mar/2025 20:56:12] "[36mGET /static/script.js HTTP/1.1[0m" 304 -
2025-03-28 20:59:19,997 - werkzeug - INFO - 127.0.0.1 - - [28/Mar/2025 20:59:19] "GET / HTTP/1.1" 200 -
2025-03-28 20:59:20,031 - werkzeug - INFO - 127.0.0.1 - - [28/Mar/2025 20:59:20] "[36mGET /static/style.css HTTP/1.1[0m" 304 -
2025-03-28 20:59:20,050 - werkzeug - INFO - 127.0.0.1 - - [28/Mar/2025 20:59:20] "[36mGET /static/script.js HTTP/1.1[0m" 304 -
2025-03-28 20:59:20,050 - werkzeug - INFO - 127.0.0.1 - - [28/Mar/2025 20:59:20] "[36mGET /static/logo.jpg HTTP/1.1[0m" 304 -
2025-03-28 20:59:22,385 - werkzeug - INFO - 127.0.0.1 - - [28/Mar/2025 20:59:22] "GET / HTTP/1.1" 200 -
2025-03-28 20:59:22,407 - werkzeug - INFO - 127.0.0.1 - - [28/Mar/2025 20:59:22] "[36mGET /static/style.css HTTP/1.1[0m" 304 -
2025-03-28 20:59:22,414 - werkzeug - INFO - 127.0.0.1 - - [28/Mar/2025 20:59:22] "[36mGET /static/script.js HTTP/1.1[0m" 304 -
2025-03-28 20:59:22,415 - werkzeug - INFO - 127.0.0.1 - - [28/Mar/2025 20:59:22] "[36mGET /static/logo.jpg HTTP/1.1[0m" 304 -
2025-03-28 20:59:30,942 - werkzeug - INFO - 127.0.0.1 - - [28/Mar/2025 20:59:30] "[33mGET /ged/rag-documents HTTP/1.1[0m" 404 -
2025-03-28 20:59:33,670 - werkzeug - INFO - 127.0.0.1 - - [28/Mar/2025 20:59:33] "[33mGET /ged/rag-documents HTTP/1.1[0m" 404 -
2025-03-28 20:59:35,935 - werkzeug - INFO - 127.0.0.1 - - [28/Mar/2025 20:59:35] "[33mGET /ged/ HTTP/1.1[0m" 404 -
2025-03-28 21:00:11,514 - werkzeug - INFO -  * Detected change in 'D:\\exercices-python-v0\\app.py', reloading
2025-03-28 21:00:11,603 - werkzeug - INFO -  * Restarting with stat
2025-03-28 21:00:12,088 - werkzeug - WARNING -  * Debugger is active!
2025-03-28 21:00:12,092 - werkzeug - INFO -  * Debugger PIN: 104-978-800
2025-03-28 21:00:39,400 - werkzeug - INFO -  * Detected change in 'D:\\exercices-python-v0\\app.py', reloading
2025-03-28 21:00:39,481 - werkzeug - INFO -  * Restarting with stat
2025-03-28 21:00:39,949 - werkzeug - WARNING -  * Debugger is active!
2025-03-28 21:00:39,952 - werkzeug - INFO -  * Debugger PIN: 104-978-800
2025-03-28 21:00:54,105 - werkzeug - INFO -  * Detected change in 'D:\\exercices-python-v0\\app.py', reloading
2025-03-28 21:00:54,160 - werkzeug - INFO -  * Restarting with stat
2025-03-28 21:00:54,604 - werkzeug - WARNING -  * Debugger is active!
2025-03-28 21:00:54,607 - werkzeug - INFO -  * Debugger PIN: 104-978-800
2025-03-28 21:02:21,979 - werkzeug - INFO - [31m[1mWARNING: This is a development server. Do not use it in a production deployment. Use a production WSGI server instead.[0m
 * Running on http://127.0.0.1:5000
2025-03-28 21:02:21,979 - werkzeug - INFO - [33mPress CTRL+C to quit[0m
2025-03-28 21:03:19,408 - werkzeug - INFO - 127.0.0.1 - - [28/Mar/2025 21:03:19] "GET / HTTP/1.1" 200 -
2025-03-28 21:03:19,502 - werkzeug - INFO - 127.0.0.1 - - [28/Mar/2025 21:03:19] "[36mGET /static/style.css HTTP/1.1[0m" 304 -
2025-03-28 21:03:19,533 - werkzeug - INFO - 127.0.0.1 - - [28/Mar/2025 21:03:19] "[36mGET /static/script.js HTTP/1.1[0m" 304 -
2025-03-28 21:03:19,534 - werkzeug - INFO - 127.0.0.1 - - [28/Mar/2025 21:03:19] "[36mGET /static/logo.jpg HTTP/1.1[0m" 304 -
2025-03-28 21:03:21,652 - werkzeug - INFO - 127.0.0.1 - - [28/Mar/2025 21:03:21] "[35m[1mGET /ged HTTP/1.1[0m" 500 -
2025-03-28 21:03:21,678 - werkzeug - INFO - 127.0.0.1 - - [28/Mar/2025 21:03:21] "GET /ged?__debugger__=yes&cmd=resource&f=style.css HTTP/1.1" 200 -
2025-03-28 21:03:21,687 - werkzeug - INFO - 127.0.0.1 - - [28/Mar/2025 21:03:21] "GET /ged?__debugger__=yes&cmd=resource&f=debugger.js HTTP/1.1" 200 -
2025-03-28 21:03:21,709 - werkzeug - INFO - 127.0.0.1 - - [28/Mar/2025 21:03:21] "GET /ged?__debugger__=yes&cmd=resource&f=console.png HTTP/1.1" 200 -
2025-03-28 21:03:21,904 - werkzeug - INFO - 127.0.0.1 - - [28/Mar/2025 21:03:21] "[36mGET /ged?__debugger__=yes&cmd=resource&f=console.png HTTP/1.1[0m" 304 -
2025-03-28 21:03:23,336 - werkzeug - INFO - 127.0.0.1 - - [28/Mar/2025 21:03:23] "[35m[1mGET /ged HTTP/1.1[0m" 500 -
2025-03-28 21:03:23,351 - werkzeug - INFO - 127.0.0.1 - - [28/Mar/2025 21:03:23] "[36mGET /ged?__debugger__=yes&cmd=resource&f=style.css HTTP/1.1[0m" 304 -
2025-03-28 21:03:23,359 - werkzeug - INFO - 127.0.0.1 - - [28/Mar/2025 21:03:23] "[36mGET /ged?__debugger__=yes&cmd=resource&f=debugger.js HTTP/1.1[0m" 304 -
2025-03-28 21:03:23,378 - werkzeug - INFO - 127.0.0.1 - - [28/Mar/2025 21:03:23] "[36mGET /ged?__debugger__=yes&cmd=resource&f=console.png HTTP/1.1[0m" 304 -
2025-03-28 21:03:23,573 - werkzeug - INFO - 127.0.0.1 - - [28/Mar/2025 21:03:23] "[36mGET /ged?__debugger__=yes&cmd=resource&f=console.png HTTP/1.1[0m" 304 -
2025-03-28 21:03:24,594 - werkzeug - INFO - 127.0.0.1 - - [28/Mar/2025 21:03:24] "[35m[1mGET /ged HTTP/1.1[0m" 500 -
2025-03-28 21:03:24,617 - werkzeug - INFO - 127.0.0.1 - - [28/Mar/2025 21:03:24] "[36mGET /ged?__debugger__=yes&cmd=resource&f=style.css HTTP/1.1[0m" 304 -
2025-03-28 21:03:24,625 - werkzeug - INFO - 127.0.0.1 - - [28/Mar/2025 21:03:24] "[36mGET /ged?__debugger__=yes&cmd=resource&f=debugger.js HTTP/1.1[0m" 304 -
2025-03-28 21:03:24,639 - werkzeug - INFO - 127.0.0.1 - - [28/Mar/2025 21:03:24] "[36mGET /ged?__debugger__=yes&cmd=resource&f=console.png HTTP/1.1[0m" 304 -
2025-03-28 21:03:24,830 - werkzeug - INFO - 127.0.0.1 - - [28/Mar/2025 21:03:24] "[36mGET /ged?__debugger__=yes&cmd=resource&f=console.png HTTP/1.1[0m" 304 -
2025-03-28 21:03:30,052 - werkzeug - INFO - 127.0.0.1 - - [28/Mar/2025 21:03:30] "GET / HTTP/1.1" 200 -
2025-03-28 21:03:30,064 - werkzeug - INFO - 127.0.0.1 - - [28/Mar/2025 21:03:30] "[36mGET /static/style.css HTTP/1.1[0m" 304 -
2025-03-28 21:03:30,066 - werkzeug - INFO - 127.0.0.1 - - [28/Mar/2025 21:03:30] "[36mGET /static/logo.jpg HTTP/1.1[0m" 304 -
2025-03-28 21:03:30,076 - werkzeug - INFO - 127.0.0.1 - - [28/Mar/2025 21:03:30] "[36mGET /static/script.js HTTP/1.1[0m" 304 -
2025-03-28 21:03:32,348 - werkzeug - INFO - 127.0.0.1 - - [28/Mar/2025 21:03:32] "[35m[1mGET /ged HTTP/1.1[0m" 500 -
2025-03-28 21:03:32,384 - werkzeug - INFO - 127.0.0.1 - - [28/Mar/2025 21:03:32] "[36mGET /ged?__debugger__=yes&cmd=resource&f=style.css HTTP/1.1[0m" 304 -
2025-03-28 21:03:32,385 - werkzeug - INFO - 127.0.0.1 - - [28/Mar/2025 21:03:32] "[36mGET /ged?__debugger__=yes&cmd=resource&f=debugger.js HTTP/1.1[0m" 304 -
2025-03-28 21:03:32,399 - werkzeug - INFO - 127.0.0.1 - - [28/Mar/2025 21:03:32] "[36mGET /ged?__debugger__=yes&cmd=resource&f=console.png HTTP/1.1[0m" 304 -
2025-03-28 21:05:23,025 - werkzeug - INFO - [31m[1mWARNING: This is a development server. Do not use it in a production deployment. Use a production WSGI server instead.[0m
 * Running on http://127.0.0.1:5000
2025-03-28 21:05:23,025 - werkzeug - INFO - [33mPress CTRL+C to quit[0m
2025-03-28 21:05:35,920 - werkzeug - INFO - 127.0.0.1 - - [28/Mar/2025 21:05:35] "[35m[1mGET /ged HTTP/1.1[0m" 500 -
2025-03-28 21:05:35,954 - werkzeug - INFO - 127.0.0.1 - - [28/Mar/2025 21:05:35] "[36mGET /ged?__debugger__=yes&cmd=resource&f=style.css HTTP/1.1[0m" 304 -
2025-03-28 21:05:35,955 - werkzeug - INFO - 127.0.0.1 - - [28/Mar/2025 21:05:35] "[36mGET /ged?__debugger__=yes&cmd=resource&f=debugger.js HTTP/1.1[0m" 304 -
2025-03-28 21:05:35,967 - werkzeug - INFO - 127.0.0.1 - - [28/Mar/2025 21:05:35] "[36mGET /ged?__debugger__=yes&cmd=resource&f=console.png HTTP/1.1[0m" 304 -
2025-03-28 21:05:40,352 - werkzeug - INFO - 127.0.0.1 - - [28/Mar/2025 21:05:40] "[35m[1mGET /ged HTTP/1.1[0m" 500 -
2025-03-28 21:05:40,369 - werkzeug - INFO - 127.0.0.1 - - [28/Mar/2025 21:05:40] "[36mGET /ged?__debugger__=yes&cmd=resource&f=style.css HTTP/1.1[0m" 304 -
2025-03-28 21:05:40,376 - werkzeug - INFO - 127.0.0.1 - - [28/Mar/2025 21:05:40] "[36mGET /ged?__debugger__=yes&cmd=resource&f=debugger.js HTTP/1.1[0m" 304 -
2025-03-28 21:05:40,396 - werkzeug - INFO - 127.0.0.1 - - [28/Mar/2025 21:05:40] "[36mGET /ged?__debugger__=yes&cmd=resource&f=console.png HTTP/1.1[0m" 304 -
2025-03-28 21:05:42,704 - werkzeug - INFO - 127.0.0.1 - - [28/Mar/2025 21:05:42] "[35m[1mGET /ged HTTP/1.1[0m" 500 -
2025-03-28 21:05:42,726 - werkzeug - INFO - 127.0.0.1 - - [28/Mar/2025 21:05:42] "[36mGET /ged?__debugger__=yes&cmd=resource&f=style.css HTTP/1.1[0m" 304 -
2025-03-28 21:05:42,734 - werkzeug - INFO - 127.0.0.1 - - [28/Mar/2025 21:05:42] "[36mGET /ged?__debugger__=yes&cmd=resource&f=debugger.js HTTP/1.1[0m" 304 -
2025-03-28 21:05:42,745 - werkzeug - INFO - 127.0.0.1 - - [28/Mar/2025 21:05:42] "[36mGET /ged?__debugger__=yes&cmd=resource&f=console.png HTTP/1.1[0m" 304 -
2025-03-28 21:05:42,939 - werkzeug - INFO - 127.0.0.1 - - [28/Mar/2025 21:05:42] "[36mGET /ged?__debugger__=yes&cmd=resource&f=console.png HTTP/1.1[0m" 304 -
2025-03-28 21:05:50,674 - werkzeug - INFO - 127.0.0.1 - - [28/Mar/2025 21:05:50] "[35m[1mGET /ged HTTP/1.1[0m" 500 -
2025-03-28 21:05:50,696 - werkzeug - INFO - 127.0.0.1 - - [28/Mar/2025 21:05:50] "[36mGET /ged?__debugger__=yes&cmd=resource&f=style.css HTTP/1.1[0m" 304 -
2025-03-28 21:05:50,701 - werkzeug - INFO - 127.0.0.1 - - [28/Mar/2025 21:05:50] "[36mGET /ged?__debugger__=yes&cmd=resource&f=debugger.js HTTP/1.1[0m" 304 -
2025-03-28 21:05:50,714 - werkzeug - INFO - 127.0.0.1 - - [28/Mar/2025 21:05:50] "[36mGET /ged?__debugger__=yes&cmd=resource&f=console.png HTTP/1.1[0m" 304 -
2025-03-28 21:05:50,904 - werkzeug - INFO - 127.0.0.1 - - [28/Mar/2025 21:05:50] "[36mGET /ged?__debugger__=yes&cmd=resource&f=console.png HTTP/1.1[0m" 304 -
2025-03-28 21:05:51,177 - werkzeug - INFO - 127.0.0.1 - - [28/Mar/2025 21:05:51] "[35m[1mGET /ged HTTP/1.1[0m" 500 -
2025-03-28 21:05:51,200 - werkzeug - INFO - 127.0.0.1 - - [28/Mar/2025 21:05:51] "[36mGET /ged?__debugger__=yes&cmd=resource&f=style.css HTTP/1.1[0m" 304 -
2025-03-28 21:05:51,207 - werkzeug - INFO - 127.0.0.1 - - [28/Mar/2025 21:05:51] "[36mGET /ged?__debugger__=yes&cmd=resource&f=debugger.js HTTP/1.1[0m" 304 -
2025-03-28 21:05:51,220 - werkzeug - INFO - 127.0.0.1 - - [28/Mar/2025 21:05:51] "[36mGET /ged?__debugger__=yes&cmd=resource&f=console.png HTTP/1.1[0m" 304 -
2025-03-28 21:05:51,401 - werkzeug - INFO - 127.0.0.1 - - [28/Mar/2025 21:05:51] "[36mGET /ged?__debugger__=yes&cmd=resource&f=console.png HTTP/1.1[0m" 304 -
2025-03-28 21:05:56,358 - werkzeug - INFO - 127.0.0.1 - - [28/Mar/2025 21:05:56] "GET / HTTP/1.1" 200 -
2025-03-28 21:05:56,371 - werkzeug - INFO - 127.0.0.1 - - [28/Mar/2025 21:05:56] "[36mGET /static/style.css HTTP/1.1[0m" 304 -
2025-03-28 21:05:56,377 - werkzeug - INFO - 127.0.0.1 - - [28/Mar/2025 21:05:56] "[36mGET /static/logo.jpg HTTP/1.1[0m" 304 -
2025-03-28 21:05:56,386 - werkzeug - INFO - 127.0.0.1 - - [28/Mar/2025 21:05:56] "[36mGET /static/script.js HTTP/1.1[0m" 304 -
2025-03-28 21:05:58,310 - werkzeug - INFO - 127.0.0.1 - - [28/Mar/2025 21:05:58] "[35m[1mGET /ged HTTP/1.1[0m" 500 -
2025-03-28 21:05:58,334 - werkzeug - INFO - 127.0.0.1 - - [28/Mar/2025 21:05:58] "[36mGET /ged?__debugger__=yes&cmd=resource&f=style.css HTTP/1.1[0m" 304 -
2025-03-28 21:05:58,341 - werkzeug - INFO - 127.0.0.1 - - [28/Mar/2025 21:05:58] "[36mGET /ged?__debugger__=yes&cmd=resource&f=debugger.js HTTP/1.1[0m" 304 -
2025-03-28 21:05:58,355 - werkzeug - INFO - 127.0.0.1 - - [28/Mar/2025 21:05:58] "[36mGET /ged?__debugger__=yes&cmd=resource&f=console.png HTTP/1.1[0m" 304 -
2025-03-28 21:06:58,389 - werkzeug - INFO -  * Detected change in 'D:\\exercices-python-v0\\app.py', reloading
2025-03-28 21:06:58,452 - werkzeug - INFO -  * Restarting with stat
2025-03-28 21:06:58,975 - werkzeug - WARNING -  * Debugger is active!
2025-03-28 21:06:58,977 - werkzeug - INFO -  * Debugger PIN: 104-978-800
2025-03-28 21:07:31,133 - werkzeug - INFO - [31m[1mWARNING: This is a development server. Do not use it in a production deployment. Use a production WSGI server instead.[0m
 * Running on http://127.0.0.1:5000
2025-03-28 21:07:31,133 - werkzeug - INFO - [33mPress CTRL+C to quit[0m
2025-03-28 21:07:34,632 - werkzeug - INFO - 127.0.0.1 - - [28/Mar/2025 21:07:34] "GET / HTTP/1.1" 200 -
2025-03-28 21:07:34,693 - werkzeug - INFO - 127.0.0.1 - - [28/Mar/2025 21:07:34] "[36mGET /static/style.css HTTP/1.1[0m" 304 -
2025-03-28 21:07:34,730 - werkzeug - INFO - 127.0.0.1 - - [28/Mar/2025 21:07:34] "[36mGET /static/script.js HTTP/1.1[0m" 304 -
2025-03-28 21:07:34,731 - werkzeug - INFO - 127.0.0.1 - - [28/Mar/2025 21:07:34] "[36mGET /static/logo.jpg HTTP/1.1[0m" 304 -
2025-03-28 21:07:36,468 - werkzeug - INFO - 127.0.0.1 - - [28/Mar/2025 21:07:36] "GET /ged HTTP/1.1" 200 -
2025-03-28 21:07:36,501 - werkzeug - INFO - 127.0.0.1 - - [28/Mar/2025 21:07:36] "[36mGET /static/style.css HTTP/1.1[0m" 304 -
2025-03-28 21:07:36,505 - werkzeug - INFO - 127.0.0.1 - - [28/Mar/2025 21:07:36] "[36mGET /static/logo.jpg HTTP/1.1[0m" 304 -
2025-03-28 21:07:36,506 - werkzeug - INFO - 127.0.0.1 - - [28/Mar/2025 21:07:36] "[36mGET /static/script.js HTTP/1.1[0m" 304 -
2025-03-28 21:07:55,691 - werkzeug - INFO - 127.0.0.1 - - [28/Mar/2025 21:07:55] "POST /ged/upload HTTP/1.1" 200 -
2025-03-28 21:07:56,710 - werkzeug - INFO - 127.0.0.1 - - [28/Mar/2025 21:07:56] "GET /ged HTTP/1.1" 200 -
2025-03-28 21:07:56,736 - werkzeug - INFO - 127.0.0.1 - - [28/Mar/2025 21:07:56] "[36mGET /static/style.css HTTP/1.1[0m" 304 -
2025-03-28 21:07:56,742 - werkzeug - INFO - 127.0.0.1 - - [28/Mar/2025 21:07:56] "[36mGET /static/logo.jpg HTTP/1.1[0m" 304 -
2025-03-28 21:07:56,743 - werkzeug - INFO - 127.0.0.1 - - [28/Mar/2025 21:07:56] "[36mGET /static/script.js HTTP/1.1[0m" 304 -
2025-03-28 21:08:00,644 - werkzeug - INFO - 127.0.0.1 - - [28/Mar/2025 21:08:00] "GET /ged/document/1 HTTP/1.1" 200 -
2025-03-28 21:08:12,702 - werkzeug - INFO - 127.0.0.1 - - [28/Mar/2025 21:08:12] "POST /ged/upload HTTP/1.1" 200 -
2025-03-28 21:08:13,712 - werkzeug - INFO - 127.0.0.1 - - [28/Mar/2025 21:08:13] "GET /ged HTTP/1.1" 200 -
2025-03-28 21:08:13,749 - werkzeug - INFO - 127.0.0.1 - - [28/Mar/2025 21:08:13] "[36mGET /static/style.css HTTP/1.1[0m" 304 -
2025-03-28 21:08:13,750 - werkzeug - INFO - 127.0.0.1 - - [28/Mar/2025 21:08:13] "[36mGET /static/logo.jpg HTTP/1.1[0m" 304 -
2025-03-28 21:08:13,752 - werkzeug - INFO - 127.0.0.1 - - [28/Mar/2025 21:08:13] "[36mGET /static/script.js HTTP/1.1[0m" 304 -
2025-03-28 21:08:20,362 - werkzeug - INFO - 127.0.0.1 - - [28/Mar/2025 21:08:20] "POST /ged/upload HTTP/1.1" 200 -
2025-03-28 21:08:21,387 - werkzeug - INFO - 127.0.0.1 - - [28/Mar/2025 21:08:21] "GET /ged HTTP/1.1" 200 -
2025-03-28 21:08:21,406 - werkzeug - INFO - 127.0.0.1 - - [28/Mar/2025 21:08:21] "[36mGET /static/style.css HTTP/1.1[0m" 304 -
2025-03-28 21:08:21,413 - werkzeug - INFO - 127.0.0.1 - - [28/Mar/2025 21:08:21] "[36mGET /static/logo.jpg HTTP/1.1[0m" 304 -
2025-03-28 21:08:21,420 - werkzeug - INFO - 127.0.0.1 - - [28/Mar/2025 21:08:21] "[36mGET /static/script.js HTTP/1.1[0m" 304 -
2025-03-28 21:08:33,087 - werkzeug - INFO - 127.0.0.1 - - [28/Mar/2025 21:08:33] "[31m[1mPOST /ged/upload HTTP/1.1[0m" 413 -
2025-03-28 21:08:58,339 - werkzeug - INFO - 127.0.0.1 - - [28/Mar/2025 21:08:58] "[31m[1mPOST /ged/upload HTTP/1.1[0m" 413 -
2025-03-28 21:09:04,507 - werkzeug - INFO - 127.0.0.1 - - [28/Mar/2025 21:09:04] "GET /ged HTTP/1.1" 200 -
2025-03-28 21:09:04,549 - werkzeug - INFO - 127.0.0.1 - - [28/Mar/2025 21:09:04] "[36mGET /static/style.css HTTP/1.1[0m" 304 -
2025-03-28 21:09:04,550 - werkzeug - INFO - 127.0.0.1 - - [28/Mar/2025 21:09:04] "[36mGET /static/logo.jpg HTTP/1.1[0m" 304 -
2025-03-28 21:09:04,552 - werkzeug - INFO - 127.0.0.1 - - [28/Mar/2025 21:09:04] "[36mGET /static/script.js HTTP/1.1[0m" 304 -
2025-03-28 21:09:15,331 - werkzeug - INFO - 127.0.0.1 - - [28/Mar/2025 21:09:15] "POST /ged/upload HTTP/1.1" 200 -
2025-03-28 21:09:16,349 - werkzeug - INFO - 127.0.0.1 - - [28/Mar/2025 21:09:16] "GET /ged HTTP/1.1" 200 -
2025-03-28 21:09:16,369 - werkzeug - INFO - 127.0.0.1 - - [28/Mar/2025 21:09:16] "[36mGET /static/style.css HTTP/1.1[0m" 304 -
2025-03-28 21:09:16,384 - werkzeug - INFO - 127.0.0.1 - - [28/Mar/2025 21:09:16] "[36mGET /static/script.js HTTP/1.1[0m" 304 -
2025-03-28 21:09:16,384 - werkzeug - INFO - 127.0.0.1 - - [28/Mar/2025 21:09:16] "[36mGET /static/logo.jpg HTTP/1.1[0m" 304 -
2025-03-28 21:09:28,539 - werkzeug - INFO - 127.0.0.1 - - [28/Mar/2025 21:09:28] "POST /ged/upload HTTP/1.1" 200 -
2025-03-28 21:09:29,551 - werkzeug - INFO - 127.0.0.1 - - [28/Mar/2025 21:09:29] "GET /ged HTTP/1.1" 200 -
2025-03-28 21:09:29,570 - werkzeug - INFO - 127.0.0.1 - - [28/Mar/2025 21:09:29] "[36mGET /static/style.css HTTP/1.1[0m" 304 -
2025-03-28 21:09:29,579 - werkzeug - INFO - 127.0.0.1 - - [28/Mar/2025 21:09:29] "[36mGET /static/logo.jpg HTTP/1.1[0m" 304 -
2025-03-28 21:09:29,586 - werkzeug - INFO - 127.0.0.1 - - [28/Mar/2025 21:09:29] "[36mGET /static/script.js HTTP/1.1[0m" 304 -
2025-03-28 21:09:35,866 - werkzeug - INFO - 127.0.0.1 - - [28/Mar/2025 21:09:35] "GET / HTTP/1.1" 200 -
2025-03-28 21:09:35,892 - werkzeug - INFO - 127.0.0.1 - - [28/Mar/2025 21:09:35] "[36mGET /static/style.css HTTP/1.1[0m" 304 -
2025-03-28 21:09:35,902 - werkzeug - INFO - 127.0.0.1 - - [28/Mar/2025 21:09:35] "[36mGET /static/logo.jpg HTTP/1.1[0m" 304 -
2025-03-28 21:09:35,903 - werkzeug - INFO - 127.0.0.1 - - [28/Mar/2025 21:09:35] "[36mGET /static/script.js HTTP/1.1[0m" 304 -
2025-03-28 21:13:36,649 - werkzeug - INFO - 127.0.0.1 - - [28/Mar/2025 21:13:36] "GET /config HTTP/1.1" 200 -
2025-03-28 21:13:36,693 - werkzeug - INFO - 127.0.0.1 - - [28/Mar/2025 21:13:36] "[36mGET /static/style.css HTTP/1.1[0m" 304 -
2025-03-28 21:13:36,695 - werkzeug - INFO - 127.0.0.1 - - [28/Mar/2025 21:13:36] "[36mGET /static/logo.jpg HTTP/1.1[0m" 304 -
2025-03-28 21:13:36,697 - werkzeug - INFO - 127.0.0.1 - - [28/Mar/2025 21:13:36] "[36mGET /static/script.js HTTP/1.1[0m" 304 -
2025-03-28 21:16:11,839 - werkzeug - INFO - [31m[1mWARNING: This is a development server. Do not use it in a production deployment. Use a production WSGI server instead.[0m
 * Running on http://127.0.0.1:5000
2025-03-28 21:16:11,839 - werkzeug - INFO - [33mPress CTRL+C to quit[0m
2025-03-28 21:16:15,907 - werkzeug - INFO - 127.0.0.1 - - [28/Mar/2025 21:16:15] "GET /config HTTP/1.1" 200 -
2025-03-28 21:16:15,949 - werkzeug - INFO - 127.0.0.1 - - [28/Mar/2025 21:16:15] "[36mGET /static/style.css HTTP/1.1[0m" 304 -
2025-03-28 21:16:15,956 - werkzeug - INFO - 127.0.0.1 - - [28/Mar/2025 21:16:15] "[36mGET /static/script.js HTTP/1.1[0m" 304 -
2025-03-28 21:16:15,956 - werkzeug - INFO - 127.0.0.1 - - [28/Mar/2025 21:16:15] "[36mGET /static/logo.jpg HTTP/1.1[0m" 304 -
2025-03-28 21:16:18,347 - werkzeug - INFO - 127.0.0.1 - - [28/Mar/2025 21:16:18] "GET / HTTP/1.1" 200 -
2025-03-28 21:16:18,385 - werkzeug - INFO - 127.0.0.1 - - [28/Mar/2025 21:16:18] "[36mGET /static/style.css HTTP/1.1[0m" 304 -
2025-03-28 21:16:18,389 - werkzeug - INFO - 127.0.0.1 - - [28/Mar/2025 21:16:18] "[36mGET /static/script.js HTTP/1.1[0m" 304 -
2025-03-28 21:16:18,390 - werkzeug - INFO - 127.0.0.1 - - [28/Mar/2025 21:16:18] "[36mGET /static/logo.jpg HTTP/1.1[0m" 304 -
2025-03-28 21:16:21,288 - werkzeug - INFO - 127.0.0.1 - - [28/Mar/2025 21:16:21] "GET / HTTP/1.1" 200 -
2025-03-28 21:16:21,303 - werkzeug - INFO - 127.0.0.1 - - [28/Mar/2025 21:16:21] "[36mGET /static/style.css HTTP/1.1[0m" 304 -
2025-03-28 21:16:21,310 - werkzeug - INFO - 127.0.0.1 - - [28/Mar/2025 21:16:21] "[36mGET /static/logo.jpg HTTP/1.1[0m" 304 -
2025-03-28 21:16:21,317 - werkzeug - INFO - 127.0.0.1 - - [28/Mar/2025 21:16:21] "[36mGET /static/script.js HTTP/1.1[0m" 304 -
2025-03-28 21:16:28,340 - werkzeug - INFO - 127.0.0.1 - - [28/Mar/2025 21:16:28] "GET / HTTP/1.1" 200 -
2025-03-28 21:16:28,396 - werkzeug - INFO - 127.0.0.1 - - [28/Mar/2025 21:16:28] "[36mGET /static/style.css HTTP/1.1[0m" 304 -
2025-03-28 21:16:28,406 - werkzeug - INFO - 127.0.0.1 - - [28/Mar/2025 21:16:28] "[36mGET /static/logo.jpg HTTP/1.1[0m" 304 -
2025-03-28 21:16:28,407 - werkzeug - INFO - 127.0.0.1 - - [28/Mar/2025 21:16:28] "[36mGET /static/script.js HTTP/1.1[0m" 304 -
2025-03-28 21:16:30,988 - werkzeug - INFO - 127.0.0.1 - - [28/Mar/2025 21:16:30] "GET /ged HTTP/1.1" 200 -
2025-03-28 21:16:31,014 - werkzeug - INFO - 127.0.0.1 - - [28/Mar/2025 21:16:31] "[36mGET /static/style.css HTTP/1.1[0m" 304 -
2025-03-28 21:16:31,020 - werkzeug - INFO - 127.0.0.1 - - [28/Mar/2025 21:16:31] "[36mGET /static/logo.jpg HTTP/1.1[0m" 304 -
2025-03-28 21:16:31,027 - werkzeug - INFO - 127.0.0.1 - - [28/Mar/2025 21:16:31] "[36mGET /static/script.js HTTP/1.1[0m" 304 -
2025-03-28 21:16:33,416 - werkzeug - INFO - 127.0.0.1 - - [28/Mar/2025 21:16:33] "GET /data-editor HTTP/1.1" 200 -
2025-03-28 21:16:33,442 - werkzeug - INFO - 127.0.0.1 - - [28/Mar/2025 21:16:33] "[36mGET /static/style.css HTTP/1.1[0m" 304 -
2025-03-28 21:16:33,450 - werkzeug - INFO - 127.0.0.1 - - [28/Mar/2025 21:16:33] "[36mGET /static/logo.jpg HTTP/1.1[0m" 304 -
2025-03-28 21:16:33,455 - werkzeug - INFO - 127.0.0.1 - - [28/Mar/2025 21:16:33] "[36mGET /static/script.js HTTP/1.1[0m" 304 -
2025-03-28 21:17:18,382 - werkzeug - INFO - 127.0.0.1 - - [28/Mar/2025 21:17:18] "POST /data-editor/add-niveau HTTP/1.1" 200 -
2025-03-28 21:17:18,401 - werkzeug - INFO - 127.0.0.1 - - [28/Mar/2025 21:17:18] "GET /data-editor HTTP/1.1" 200 -
2025-03-28 21:17:18,444 - werkzeug - INFO - 127.0.0.1 - - [28/Mar/2025 21:17:18] "[36mGET /static/style.css HTTP/1.1[0m" 304 -
2025-03-28 21:17:18,445 - werkzeug - INFO - 127.0.0.1 - - [28/Mar/2025 21:17:18] "[36mGET /static/logo.jpg HTTP/1.1[0m" 304 -
2025-03-28 21:17:18,448 - werkzeug - INFO - 127.0.0.1 - - [28/Mar/2025 21:17:18] "[36mGET /static/script.js HTTP/1.1[0m" 304 -
2025-03-28 21:17:30,902 - werkzeug - INFO - 127.0.0.1 - - [28/Mar/2025 21:17:30] "POST /data-editor/add-theme HTTP/1.1" 200 -
2025-03-28 21:17:30,919 - werkzeug - INFO - 127.0.0.1 - - [28/Mar/2025 21:17:30] "GET /data-editor HTTP/1.1" 200 -
2025-03-28 21:17:30,952 - werkzeug - INFO - 127.0.0.1 - - [28/Mar/2025 21:17:30] "[36mGET /static/style.css HTTP/1.1[0m" 304 -
2025-03-28 21:17:30,954 - werkzeug - INFO - 127.0.0.1 - - [28/Mar/2025 21:17:30] "[36mGET /static/script.js HTTP/1.1[0m" 304 -
2025-03-28 21:17:30,954 - werkzeug - INFO - 127.0.0.1 - - [28/Mar/2025 21:17:30] "[36mGET /static/logo.jpg HTTP/1.1[0m" 304 -
2025-03-28 21:17:44,407 - werkzeug - INFO - 127.0.0.1 - - [28/Mar/2025 21:17:44] "POST /data-editor/add-exercice HTTP/1.1" 200 -
2025-03-28 21:17:44,422 - werkzeug - INFO - 127.0.0.1 - - [28/Mar/2025 21:17:44] "GET /data-editor HTTP/1.1" 200 -
2025-03-28 21:17:44,446 - werkzeug - INFO - 127.0.0.1 - - [28/Mar/2025 21:17:44] "[36mGET /static/style.css HTTP/1.1[0m" 304 -
2025-03-28 21:17:44,453 - werkzeug - INFO - 127.0.0.1 - - [28/Mar/2025 21:17:44] "[36mGET /static/script.js HTTP/1.1[0m" 304 -
2025-03-28 21:17:44,454 - werkzeug - INFO - 127.0.0.1 - - [28/Mar/2025 21:17:44] "[36mGET /static/logo.jpg HTTP/1.1[0m" 304 -
2025-03-28 21:18:06,337 - werkzeug - INFO - 127.0.0.1 - - [28/Mar/2025 21:18:06] "[31m[1mPOST /data-editor/add-exercice HTTP/1.1[0m" 400 -
2025-03-28 21:18:10,677 - werkzeug - INFO - 127.0.0.1 - - [28/Mar/2025 21:18:10] "POST /data-editor/add-exercice HTTP/1.1" 200 -
2025-03-28 21:18:10,692 - werkzeug - INFO - 127.0.0.1 - - [28/Mar/2025 21:18:10] "GET /data-editor HTTP/1.1" 200 -
2025-03-28 21:18:10,718 - werkzeug - INFO - 127.0.0.1 - - [28/Mar/2025 21:18:10] "[36mGET /static/style.css HTTP/1.1[0m" 304 -
2025-03-28 21:18:10,726 - werkzeug - INFO - 127.0.0.1 - - [28/Mar/2025 21:18:10] "[36mGET /static/logo.jpg HTTP/1.1[0m" 304 -
2025-03-28 21:18:10,727 - werkzeug - INFO - 127.0.0.1 - - [28/Mar/2025 21:18:10] "[36mGET /static/script.js HTTP/1.1[0m" 304 -
2025-03-28 21:18:15,217 - werkzeug - INFO - 127.0.0.1 - - [28/Mar/2025 21:18:15] "GET / HTTP/1.1" 200 -
2025-03-28 21:18:15,234 - werkzeug - INFO - 127.0.0.1 - - [28/Mar/2025 21:18:15] "[36mGET /static/style.css HTTP/1.1[0m" 304 -
2025-03-28 21:18:15,241 - werkzeug - INFO - 127.0.0.1 - - [28/Mar/2025 21:18:15] "[36mGET /static/logo.jpg HTTP/1.1[0m" 304 -
2025-03-28 21:18:15,247 - werkzeug - INFO - 127.0.0.1 - - [28/Mar/2025 21:18:15] "[36mGET /static/script.js HTTP/1.1[0m" 304 -
2025-03-28 21:18:26,046 - werkzeug - INFO - 127.0.0.1 - - [28/Mar/2025 21:18:26] "POST /generate-exercise HTTP/1.1" 200 -
2025-03-28 21:19:02,639 - werkzeug - INFO - 127.0.0.1 - - [28/Mar/2025 21:19:02] "POST /execute-code HTTP/1.1" 200 -
2025-03-28 21:19:08,578 - werkzeug - INFO - 127.0.0.1 - - [28/Mar/2025 21:19:08] "POST /evaluate-code HTTP/1.1" 200 -
2025-03-28 21:19:46,493 - werkzeug - INFO - 127.0.0.1 - - [28/Mar/2025 21:19:46] "GET /data-editor HTTP/1.1" 200 -
2025-03-28 21:19:46,537 - werkzeug - INFO - 127.0.0.1 - - [28/Mar/2025 21:19:46] "[36mGET /static/style.css HTTP/1.1[0m" 304 -
2025-03-28 21:19:46,544 - werkzeug - INFO - 127.0.0.1 - - [28/Mar/2025 21:19:46] "[36mGET /static/logo.jpg HTTP/1.1[0m" 304 -
2025-03-28 21:19:46,546 - werkzeug - INFO - 127.0.0.1 - - [28/Mar/2025 21:19:46] "[36mGET /static/script.js HTTP/1.1[0m" 304 -
2025-03-28 21:20:07,330 - werkzeug - INFO - 127.0.0.1 - - [28/Mar/2025 21:20:07] "GET / HTTP/1.1" 200 -
2025-03-28 21:20:07,361 - werkzeug - INFO - 127.0.0.1 - - [28/Mar/2025 21:20:07] "[36mGET /static/style.css HTTP/1.1[0m" 304 -
2025-03-28 21:20:07,369 - werkzeug - INFO - 127.0.0.1 - - [28/Mar/2025 21:20:07] "[36mGET /static/script.js HTTP/1.1[0m" 304 -
2025-03-28 21:20:07,370 - werkzeug - INFO - 127.0.0.1 - - [28/Mar/2025 21:20:07] "[36mGET /static/logo.jpg HTTP/1.1[0m" 304 -
2025-03-28 21:29:57,216 - werkzeug - INFO - [31m[1mWARNING: This is a development server. Do not use it in a production deployment. Use a production WSGI server instead.[0m
 * Running on http://127.0.0.1:5000
2025-03-28 21:29:57,216 - werkzeug - INFO - [33mPress CTRL+C to quit[0m
2025-03-28 21:29:58,622 - werkzeug - INFO - 127.0.0.1 - - [28/Mar/2025 21:29:58] "GET / HTTP/1.1" 200 -
2025-03-28 21:29:58,679 - werkzeug - INFO - 127.0.0.1 - - [28/Mar/2025 21:29:58] "[36mGET /static/style.css HTTP/1.1[0m" 304 -
2025-03-28 21:29:58,710 - werkzeug - INFO - 127.0.0.1 - - [28/Mar/2025 21:29:58] "[36mGET /static/script.js HTTP/1.1[0m" 304 -
2025-03-28 21:29:58,710 - werkzeug - INFO - 127.0.0.1 - - [28/Mar/2025 21:29:58] "[36mGET /static/logo.jpg HTTP/1.1[0m" 304 -
2025-03-28 21:30:03,257 - werkzeug - INFO - 127.0.0.1 - - [28/Mar/2025 21:30:03] "GET /data-editor HTTP/1.1" 200 -
2025-03-28 21:30:03,288 - werkzeug - INFO - 127.0.0.1 - - [28/Mar/2025 21:30:03] "[36mGET /static/style.css HTTP/1.1[0m" 304 -
2025-03-28 21:30:03,299 - werkzeug - INFO - 127.0.0.1 - - [28/Mar/2025 21:30:03] "[36mGET /static/logo.jpg HTTP/1.1[0m" 304 -
2025-03-28 21:30:03,301 - werkzeug - INFO - 127.0.0.1 - - [28/Mar/2025 21:30:03] "[36mGET /static/script.js HTTP/1.1[0m" 304 -
2025-03-28 21:30:08,226 - werkzeug - INFO - 127.0.0.1 - - [28/Mar/2025 21:30:08] "GET /data-editor/get-exercice-info?niveau=Première%20Générale&theme=Conversion%20de%20bases%20numériques&niveau_difficulte=1 HTTP/1.1" 200 -
2025-03-28 21:30:15,980 - werkzeug - INFO - 127.0.0.1 - - [28/Mar/2025 21:30:15] "GET /data-editor/get-exercice-info?niveau=SNT&theme=Variable&niveau_difficulte=1 HTTP/1.1" 200 -
2025-03-28 21:30:27,209 - werkzeug - INFO - 127.0.0.1 - - [28/Mar/2025 21:30:27] "POST /data-editor/update-exercice HTTP/1.1" 200 -
2025-03-28 21:30:27,224 - werkzeug - INFO - 127.0.0.1 - - [28/Mar/2025 21:30:27] "GET /data-editor HTTP/1.1" 200 -
2025-03-28 21:30:27,249 - werkzeug - INFO - 127.0.0.1 - - [28/Mar/2025 21:30:27] "[36mGET /static/style.css HTTP/1.1[0m" 304 -
2025-03-28 21:30:27,257 - werkzeug - INFO - 127.0.0.1 - - [28/Mar/2025 21:30:27] "[36mGET /static/logo.jpg HTTP/1.1[0m" 304 -
2025-03-28 21:30:27,258 - werkzeug - INFO - 127.0.0.1 - - [28/Mar/2025 21:30:27] "[36mGET /static/script.js HTTP/1.1[0m" 304 -
2025-03-28 21:30:30,539 - werkzeug - INFO - 127.0.0.1 - - [28/Mar/2025 21:30:30] "GET /data-editor/get-exercice-info?niveau=SNT&theme=Variable&niveau_difficulte=2 HTTP/1.1" 200 -
2025-03-28 21:30:34,731 - werkzeug - INFO - 127.0.0.1 - - [28/Mar/2025 21:30:34] "POST /data-editor/update-exercice HTTP/1.1" 200 -
2025-03-28 21:30:34,746 - werkzeug - INFO - 127.0.0.1 - - [28/Mar/2025 21:30:34] "GET /data-editor HTTP/1.1" 200 -
2025-03-28 21:30:34,769 - werkzeug - INFO - 127.0.0.1 - - [28/Mar/2025 21:30:34] "[36mGET /static/style.css HTTP/1.1[0m" 304 -
2025-03-28 21:30:34,777 - werkzeug - INFO - 127.0.0.1 - - [28/Mar/2025 21:30:34] "[36mGET /static/logo.jpg HTTP/1.1[0m" 304 -
2025-03-28 21:30:34,778 - werkzeug - INFO - 127.0.0.1 - - [28/Mar/2025 21:30:34] "[36mGET /static/script.js HTTP/1.1[0m" 304 -
2025-03-28 21:30:37,137 - werkzeug - INFO - 127.0.0.1 - - [28/Mar/2025 21:30:37] "GET /data-editor/get-exercice-info?niveau=SNT&theme=Variable&niveau_difficulte=1 HTTP/1.1" 200 -
2025-03-28 21:31:04,701 - werkzeug - INFO - 127.0.0.1 - - [28/Mar/2025 21:31:04] "POST /data-editor/add-exercice HTTP/1.1" 200 -
2025-03-28 21:31:04,720 - werkzeug - INFO - 127.0.0.1 - - [28/Mar/2025 21:31:04] "GET /data-editor HTTP/1.1" 200 -
2025-03-28 21:31:04,743 - werkzeug - INFO - 127.0.0.1 - - [28/Mar/2025 21:31:04] "[36mGET /static/style.css HTTP/1.1[0m" 304 -
2025-03-28 21:31:04,750 - werkzeug - INFO - 127.0.0.1 - - [28/Mar/2025 21:31:04] "[36mGET /static/logo.jpg HTTP/1.1[0m" 304 -
2025-03-28 21:31:04,752 - werkzeug - INFO - 127.0.0.1 - - [28/Mar/2025 21:31:04] "[36mGET /static/script.js HTTP/1.1[0m" 304 -
2025-03-28 21:31:07,233 - werkzeug - INFO - 127.0.0.1 - - [28/Mar/2025 21:31:07] "GET /data-editor/get-exercice-info?niveau=SNT&theme=Variable&niveau_difficulte=3 HTTP/1.1" 200 -
2025-03-28 21:49:38,142 - werkzeug - INFO - 127.0.0.1 - - [28/Mar/2025 21:49:38] "GET /data-editor HTTP/1.1" 200 -
2025-03-28 21:49:38,172 - werkzeug - INFO - 127.0.0.1 - - [28/Mar/2025 21:49:38] "GET /static/style.css HTTP/1.1" 200 -
2025-03-28 21:49:38,189 - werkzeug - INFO - 127.0.0.1 - - [28/Mar/2025 21:49:38] "[33mGET /static/logo.jpg HTTP/1.1[0m" 404 -
2025-03-28 21:49:38,189 - werkzeug - INFO - 127.0.0.1 - - [28/Mar/2025 21:49:38] "GET /static/script.js HTTP/1.1" 200 -
2025-03-28 21:49:42,773 - werkzeug - INFO - 127.0.0.1 - - [28/Mar/2025 21:49:42] "GET /data-editor/get-exercice-info?niveau=SNT&theme=Variable&niveau_difficulte=3 HTTP/1.1" 200 -
2025-03-28 22:15:51,676 - werkzeug - INFO - [31m[1mWARNING: This is a development server. Do not use it in a production deployment. Use a production WSGI server instead.[0m
 * Running on http://127.0.0.1:5000
2025-03-28 22:15:51,676 - werkzeug - INFO - [33mPress CTRL+C to quit[0m
2025-03-28 22:15:57,070 - werkzeug - INFO - 127.0.0.1 - - [28/Mar/2025 22:15:57] "GET / HTTP/1.1" 200 -
2025-03-28 22:15:57,167 - werkzeug - INFO - 127.0.0.1 - - [28/Mar/2025 22:15:57] "[36mGET /static/style.css HTTP/1.1[0m" 304 -
2025-03-28 22:15:57,181 - werkzeug - INFO - 127.0.0.1 - - [28/Mar/2025 22:15:57] "GET /static/logo.jpg HTTP/1.1" 200 -
2025-03-28 22:15:57,182 - werkzeug - INFO - 127.0.0.1 - - [28/Mar/2025 22:15:57] "[36mGET /static/script.js HTTP/1.1[0m" 304 -
2025-03-28 22:15:58,460 - werkzeug - INFO - 127.0.0.1 - - [28/Mar/2025 22:15:58] "GET / HTTP/1.1" 200 -
2025-03-28 22:15:58,493 - werkzeug - INFO - 127.0.0.1 - - [28/Mar/2025 22:15:58] "[36mGET /static/style.css HTTP/1.1[0m" 304 -
2025-03-28 22:15:58,496 - werkzeug - INFO - 127.0.0.1 - - [28/Mar/2025 22:15:58] "[36mGET /static/script.js HTTP/1.1[0m" 304 -
2025-03-28 22:15:58,497 - werkzeug - INFO - 127.0.0.1 - - [28/Mar/2025 22:15:58] "[36mGET /static/logo.jpg HTTP/1.1[0m" 304 -
2025-03-28 22:16:01,046 - werkzeug - INFO - 127.0.0.1 - - [28/Mar/2025 22:16:01] "GET /data-editor HTTP/1.1" 200 -
2025-03-28 22:16:01,078 - werkzeug - INFO - 127.0.0.1 - - [28/Mar/2025 22:16:01] "[36mGET /static/style.css HTTP/1.1[0m" 304 -
2025-03-28 22:16:01,090 - werkzeug - INFO - 127.0.0.1 - - [28/Mar/2025 22:16:01] "[36mGET /static/logo.jpg HTTP/1.1[0m" 304 -
2025-03-28 22:16:01,091 - werkzeug - INFO - 127.0.0.1 - - [28/Mar/2025 22:16:01] "[36mGET /static/script.js HTTP/1.1[0m" 304 -
2025-03-28 22:16:06,644 - werkzeug - INFO - 127.0.0.1 - - [28/Mar/2025 22:16:06] "GET /data-editor HTTP/1.1" 200 -
2025-03-28 22:16:06,660 - werkzeug - INFO - 127.0.0.1 - - [28/Mar/2025 22:16:06] "[36mGET /static/style.css HTTP/1.1[0m" 304 -
2025-03-28 22:16:06,670 - werkzeug - INFO - 127.0.0.1 - - [28/Mar/2025 22:16:06] "[36mGET /static/logo.jpg HTTP/1.1[0m" 304 -
2025-03-28 22:16:06,679 - werkzeug - INFO - 127.0.0.1 - - [28/Mar/2025 22:16:06] "[36mGET /static/script.js HTTP/1.1[0m" 304 -
2025-03-28 22:17:59,362 - werkzeug - INFO - 127.0.0.1 - - [28/Mar/2025 22:17:59] "GET /data-editor HTTP/1.1" 200 -
2025-03-28 22:17:59,396 - werkzeug - INFO - 127.0.0.1 - - [28/Mar/2025 22:17:59] "[36mGET /static/style.css HTTP/1.1[0m" 304 -
2025-03-28 22:17:59,413 - werkzeug - INFO - 127.0.0.1 - - [28/Mar/2025 22:17:59] "[36mGET /static/script.js HTTP/1.1[0m" 304 -
2025-03-28 22:17:59,413 - werkzeug - INFO - 127.0.0.1 - - [28/Mar/2025 22:17:59] "[36mGET /static/logo.jpg HTTP/1.1[0m" 304 -
2025-03-28 22:18:01,724 - werkzeug - INFO - 127.0.0.1 - - [28/Mar/2025 22:18:01] "GET /data-editor HTTP/1.1" 200 -
2025-03-28 22:18:01,746 - werkzeug - INFO - 127.0.0.1 - - [28/Mar/2025 22:18:01] "[36mGET /static/style.css HTTP/1.1[0m" 304 -
2025-03-28 22:18:01,754 - werkzeug - INFO - 127.0.0.1 - - [28/Mar/2025 22:18:01] "[36mGET /static/logo.jpg HTTP/1.1[0m" 304 -
2025-03-28 22:18:01,755 - werkzeug - INFO - 127.0.0.1 - - [28/Mar/2025 22:18:01] "[36mGET /static/script.js HTTP/1.1[0m" 304 -
2025-03-28 22:18:03,555 - werkzeug - INFO - 127.0.0.1 - - [28/Mar/2025 22:18:03] "GET / HTTP/1.1" 200 -
2025-03-28 22:18:03,583 - werkzeug - INFO - 127.0.0.1 - - [28/Mar/2025 22:18:03] "[36mGET /static/style.css HTTP/1.1[0m" 304 -
2025-03-28 22:18:03,595 - werkzeug - INFO - 127.0.0.1 - - [28/Mar/2025 22:18:03] "[36mGET /static/logo.jpg HTTP/1.1[0m" 304 -
2025-03-28 22:18:03,595 - werkzeug - INFO - 127.0.0.1 - - [28/Mar/2025 22:18:03] "[36mGET /static/script.js HTTP/1.1[0m" 304 -
2025-03-28 22:18:05,948 - werkzeug - INFO - 127.0.0.1 - - [28/Mar/2025 22:18:05] "GET /data-editor HTTP/1.1" 200 -
2025-03-28 22:18:05,978 - werkzeug - INFO - 127.0.0.1 - - [28/Mar/2025 22:18:05] "[36mGET /static/style.css HTTP/1.1[0m" 304 -
2025-03-28 22:18:05,994 - werkzeug - INFO - 127.0.0.1 - - [28/Mar/2025 22:18:05] "[36mGET /static/logo.jpg HTTP/1.1[0m" 304 -
2025-03-28 22:18:05,995 - werkzeug - INFO - 127.0.0.1 - - [28/Mar/2025 22:18:05] "[36mGET /static/script.js HTTP/1.1[0m" 304 -
2025-03-28 22:18:17,890 - werkzeug - INFO - [31m[1mWARNING: This is a development server. Do not use it in a production deployment. Use a production WSGI server instead.[0m
 * Running on http://127.0.0.1:5000
2025-03-28 22:18:17,890 - werkzeug - INFO - [33mPress CTRL+C to quit[0m
2025-03-28 22:18:18,039 - werkzeug - INFO - 127.0.0.1 - - [28/Mar/2025 22:18:18] "GET /config HTTP/1.1" 200 -
2025-03-28 22:18:18,094 - werkzeug - INFO - 127.0.0.1 - - [28/Mar/2025 22:18:18] "[36mGET /static/style.css HTTP/1.1[0m" 304 -
2025-03-28 22:18:18,126 - werkzeug - INFO - 127.0.0.1 - - [28/Mar/2025 22:18:18] "[36mGET /static/script.js HTTP/1.1[0m" 304 -
2025-03-28 22:18:18,126 - werkzeug - INFO - 127.0.0.1 - - [28/Mar/2025 22:18:18] "[36mGET /static/logo.jpg HTTP/1.1[0m" 304 -
2025-03-28 22:18:20,201 - werkzeug - INFO - 127.0.0.1 - - [28/Mar/2025 22:18:20] "GET /data-editor HTTP/1.1" 200 -
2025-03-28 22:18:20,230 - werkzeug - INFO - 127.0.0.1 - - [28/Mar/2025 22:18:20] "[36mGET /static/style.css HTTP/1.1[0m" 304 -
2025-03-28 22:18:20,240 - werkzeug - INFO - 127.0.0.1 - - [28/Mar/2025 22:18:20] "[36mGET /static/logo.jpg HTTP/1.1[0m" 304 -
2025-03-28 22:18:20,242 - werkzeug - INFO - 127.0.0.1 - - [28/Mar/2025 22:18:20] "[36mGET /static/script.js HTTP/1.1[0m" 304 -
2025-03-28 22:18:22,664 - werkzeug - INFO - 127.0.0.1 - - [28/Mar/2025 22:18:22] "GET /data-editor HTTP/1.1" 200 -
2025-03-28 22:18:22,689 - werkzeug - INFO - 127.0.0.1 - - [28/Mar/2025 22:18:22] "[36mGET /static/style.css HTTP/1.1[0m" 304 -
2025-03-28 22:18:22,697 - werkzeug - INFO - 127.0.0.1 - - [28/Mar/2025 22:18:22] "[36mGET /static/logo.jpg HTTP/1.1[0m" 304 -
2025-03-28 22:18:22,697 - werkzeug - INFO - 127.0.0.1 - - [28/Mar/2025 22:18:22] "[36mGET /static/script.js HTTP/1.1[0m" 304 -
2025-03-28 22:19:10,293 - werkzeug - INFO - 127.0.0.1 - - [28/Mar/2025 22:19:10] "GET /data-editor HTTP/1.1" 200 -
2025-03-28 22:19:10,334 - werkzeug - INFO - 127.0.0.1 - - [28/Mar/2025 22:19:10] "[36mGET /static/style.css HTTP/1.1[0m" 304 -
2025-03-28 22:19:10,336 - werkzeug - INFO - 127.0.0.1 - - [28/Mar/2025 22:19:10] "[36mGET /static/script.js HTTP/1.1[0m" 304 -
2025-03-28 22:19:10,336 - werkzeug - INFO - 127.0.0.1 - - [28/Mar/2025 22:19:10] "[36mGET /static/logo.jpg HTTP/1.1[0m" 304 -
2025-03-28 22:21:10,740 - werkzeug - INFO - 127.0.0.1 - - [28/Mar/2025 22:21:10] "GET / HTTP/1.1" 200 -
2025-03-28 22:21:10,789 - werkzeug - INFO - 127.0.0.1 - - [28/Mar/2025 22:21:10] "[36mGET /static/style.css HTTP/1.1[0m" 304 -
2025-03-28 22:21:10,804 - werkzeug - INFO - 127.0.0.1 - - [28/Mar/2025 22:21:10] "[36mGET /static/script.js HTTP/1.1[0m" 304 -
2025-03-28 22:21:10,805 - werkzeug - INFO - 127.0.0.1 - - [28/Mar/2025 22:21:10] "[36mGET /static/logo.jpg HTTP/1.1[0m" 304 -
2025-03-28 22:21:12,388 - werkzeug - INFO - 127.0.0.1 - - [28/Mar/2025 22:21:12] "GET /data-editor HTTP/1.1" 200 -
2025-03-28 22:21:12,433 - werkzeug - INFO - 127.0.0.1 - - [28/Mar/2025 22:21:12] "[36mGET /static/style.css HTTP/1.1[0m" 304 -
2025-03-28 22:21:12,434 - werkzeug - INFO - 127.0.0.1 - - [28/Mar/2025 22:21:12] "[36mGET /static/script.js HTTP/1.1[0m" 304 -
2025-03-28 22:21:12,435 - werkzeug - INFO - 127.0.0.1 - - [28/Mar/2025 22:21:12] "[36mGET /static/logo.jpg HTTP/1.1[0m" 304 -
2025-03-28 22:21:14,212 - werkzeug - INFO - 127.0.0.1 - - [28/Mar/2025 22:21:14] "GET /data-editor HTTP/1.1" 200 -
2025-03-28 22:21:14,237 - werkzeug - INFO - 127.0.0.1 - - [28/Mar/2025 22:21:14] "[36mGET /static/style.css HTTP/1.1[0m" 304 -
2025-03-28 22:21:14,245 - werkzeug - INFO - 127.0.0.1 - - [28/Mar/2025 22:21:14] "[36mGET /static/logo.jpg HTTP/1.1[0m" 304 -
2025-03-28 22:21:14,247 - werkzeug - INFO - 127.0.0.1 - - [28/Mar/2025 22:21:14] "[36mGET /static/script.js HTTP/1.1[0m" 304 -
2025-03-28 22:21:15,035 - werkzeug - INFO - 127.0.0.1 - - [28/Mar/2025 22:21:15] "GET /data-editor HTTP/1.1" 200 -
2025-03-28 22:21:15,052 - werkzeug - INFO - 127.0.0.1 - - [28/Mar/2025 22:21:15] "[36mGET /static/style.css HTTP/1.1[0m" 304 -
2025-03-28 22:21:15,062 - werkzeug - INFO - 127.0.0.1 - - [28/Mar/2025 22:21:15] "[36mGET /static/logo.jpg HTTP/1.1[0m" 304 -
2025-03-28 22:21:15,069 - werkzeug - INFO - 127.0.0.1 - - [28/Mar/2025 22:21:15] "[36mGET /static/script.js HTTP/1.1[0m" 304 -
2025-03-28 22:21:21,059 - werkzeug - INFO - 127.0.0.1 - - [28/Mar/2025 22:21:21] "GET /data-editor HTTP/1.1" 200 -
2025-03-28 22:21:21,083 - werkzeug - INFO - 127.0.0.1 - - [28/Mar/2025 22:21:21] "GET /static/script.js HTTP/1.1" 200 -
2025-03-28 22:21:21,084 - werkzeug - INFO - 127.0.0.1 - - [28/Mar/2025 22:21:21] "GET /static/style.css HTTP/1.1" 200 -
2025-03-28 22:21:21,142 - werkzeug - INFO - 127.0.0.1 - - [28/Mar/2025 22:21:21] "GET /static/logo.jpg HTTP/1.1" 200 -
2025-03-28 22:21:21,253 - werkzeug - INFO - 127.0.0.1 - - [28/Mar/2025 22:21:21] "[33mGET /favicon.ico HTTP/1.1[0m" 404 -
2025-03-28 22:21:47,189 - werkzeug - INFO - 127.0.0.1 - - [28/Mar/2025 22:21:47] "GET /data-editor HTTP/1.1" 200 -
2025-03-28 22:21:47,220 - werkzeug - INFO - 127.0.0.1 - - [28/Mar/2025 22:21:47] "[36mGET /static/style.css HTTP/1.1[0m" 304 -
2025-03-28 22:21:47,230 - werkzeug - INFO - 127.0.0.1 - - [28/Mar/2025 22:21:47] "[36mGET /static/logo.jpg HTTP/1.1[0m" 304 -
2025-03-28 22:21:47,231 - werkzeug - INFO - 127.0.0.1 - - [28/Mar/2025 22:21:47] "[36mGET /static/script.js HTTP/1.1[0m" 304 -
2025-03-28 22:21:48,237 - werkzeug - INFO - 127.0.0.1 - - [28/Mar/2025 22:21:48] "GET /data-editor HTTP/1.1" 200 -
2025-03-28 22:21:48,268 - werkzeug - INFO - 127.0.0.1 - - [28/Mar/2025 22:21:48] "[36mGET /static/style.css HTTP/1.1[0m" 304 -
2025-03-28 22:21:48,271 - werkzeug - INFO - 127.0.0.1 - - [28/Mar/2025 22:21:48] "[36mGET /static/script.js HTTP/1.1[0m" 304 -
2025-03-28 22:21:48,271 - werkzeug - INFO - 127.0.0.1 - - [28/Mar/2025 22:21:48] "[36mGET /static/logo.jpg HTTP/1.1[0m" 304 -
2025-03-28 22:21:49,070 - werkzeug - INFO - 127.0.0.1 - - [28/Mar/2025 22:21:49] "GET /data-editor HTTP/1.1" 200 -
2025-03-28 22:21:49,092 - werkzeug - INFO - 127.0.0.1 - - [28/Mar/2025 22:21:49] "[36mGET /static/style.css HTTP/1.1[0m" 304 -
2025-03-28 22:21:49,101 - werkzeug - INFO - 127.0.0.1 - - [28/Mar/2025 22:21:49] "[36mGET /static/logo.jpg HTTP/1.1[0m" 304 -
2025-03-28 22:21:49,101 - werkzeug - INFO - 127.0.0.1 - - [28/Mar/2025 22:21:49] "[36mGET /static/script.js HTTP/1.1[0m" 304 -
2025-03-28 22:21:49,794 - werkzeug - INFO - 127.0.0.1 - - [28/Mar/2025 22:21:49] "GET /data-editor HTTP/1.1" 200 -
2025-03-28 22:21:49,815 - werkzeug - INFO - 127.0.0.1 - - [28/Mar/2025 22:21:49] "[36mGET /static/style.css HTTP/1.1[0m" 304 -
2025-03-28 22:21:49,824 - werkzeug - INFO - 127.0.0.1 - - [28/Mar/2025 22:21:49] "[36mGET /static/logo.jpg HTTP/1.1[0m" 304 -
2025-03-28 22:21:49,825 - werkzeug - INFO - 127.0.0.1 - - [28/Mar/2025 22:21:49] "[36mGET /static/script.js HTTP/1.1[0m" 304 -
2025-03-28 22:21:50,170 - werkzeug - INFO - 127.0.0.1 - - [28/Mar/2025 22:21:50] "GET /data-editor HTTP/1.1" 200 -
2025-03-28 22:21:50,182 - werkzeug - INFO - 127.0.0.1 - - [28/Mar/2025 22:21:50] "[36mGET /static/style.css HTTP/1.1[0m" 304 -
2025-03-28 22:21:50,184 - werkzeug - INFO - 127.0.0.1 - - [28/Mar/2025 22:21:50] "[36mGET /static/logo.jpg HTTP/1.1[0m" 304 -
2025-03-28 22:21:50,194 - werkzeug - INFO - 127.0.0.1 - - [28/Mar/2025 22:21:50] "[36mGET /static/script.js HTTP/1.1[0m" 304 -
2025-03-28 22:21:50,481 - werkzeug - INFO - 127.0.0.1 - - [28/Mar/2025 22:21:50] "GET /data-editor HTTP/1.1" 200 -
2025-03-28 22:21:50,495 - werkzeug - INFO - 127.0.0.1 - - [28/Mar/2025 22:21:50] "[36mGET /static/style.css HTTP/1.1[0m" 304 -
2025-03-28 22:21:50,505 - werkzeug - INFO - 127.0.0.1 - - [28/Mar/2025 22:21:50] "[36mGET /static/script.js HTTP/1.1[0m" 304 -
2025-03-28 22:21:50,505 - werkzeug - INFO - 127.0.0.1 - - [28/Mar/2025 22:21:50] "[36mGET /static/logo.jpg HTTP/1.1[0m" 304 -
2025-03-28 22:21:56,479 - werkzeug - INFO - [31m[1mWARNING: This is a development server. Do not use it in a production deployment. Use a production WSGI server instead.[0m
 * Running on http://127.0.0.1:5000
2025-03-28 22:21:56,479 - werkzeug - INFO - [33mPress CTRL+C to quit[0m
2025-03-28 22:21:57,929 - werkzeug - INFO - 127.0.0.1 - - [28/Mar/2025 22:21:57] "GET / HTTP/1.1" 200 -
2025-03-28 22:21:57,968 - werkzeug - INFO - 127.0.0.1 - - [28/Mar/2025 22:21:57] "[36mGET /static/style.css HTTP/1.1[0m" 304 -
2025-03-28 22:21:58,017 - werkzeug - INFO - 127.0.0.1 - - [28/Mar/2025 22:21:58] "[36mGET /static/script.js HTTP/1.1[0m" 304 -
2025-03-28 22:21:58,017 - werkzeug - INFO - 127.0.0.1 - - [28/Mar/2025 22:21:58] "[36mGET /static/logo.jpg HTTP/1.1[0m" 304 -
2025-03-28 22:21:59,418 - werkzeug - INFO - 127.0.0.1 - - [28/Mar/2025 22:21:59] "GET /data-editor HTTP/1.1" 200 -
2025-03-28 22:21:59,444 - werkzeug - INFO - 127.0.0.1 - - [28/Mar/2025 22:21:59] "[36mGET /static/style.css HTTP/1.1[0m" 304 -
2025-03-28 22:21:59,454 - werkzeug - INFO - 127.0.0.1 - - [28/Mar/2025 22:21:59] "[36mGET /static/logo.jpg HTTP/1.1[0m" 304 -
2025-03-28 22:21:59,455 - werkzeug - INFO - 127.0.0.1 - - [28/Mar/2025 22:21:59] "[36mGET /static/script.js HTTP/1.1[0m" 304 -
2025-03-28 22:24:37,874 - werkzeug - INFO - 127.0.0.1 - - [28/Mar/2025 22:24:37] "GET /data-editor HTTP/1.1" 200 -
2025-03-28 22:24:37,912 - werkzeug - INFO - 127.0.0.1 - - [28/Mar/2025 22:24:37] "[36mGET /static/style.css HTTP/1.1[0m" 304 -
2025-03-28 22:24:37,926 - werkzeug - INFO - 127.0.0.1 - - [28/Mar/2025 22:24:37] "[36mGET /static/script.js HTTP/1.1[0m" 304 -
2025-03-28 22:24:37,926 - werkzeug - INFO - 127.0.0.1 - - [28/Mar/2025 22:24:37] "[36mGET /static/logo.jpg HTTP/1.1[0m" 304 -
2025-03-28 22:24:47,882 - werkzeug - INFO - [31m[1mWARNING: This is a development server. Do not use it in a production deployment. Use a production WSGI server instead.[0m
 * Running on http://127.0.0.1:5000
2025-03-28 22:24:47,882 - werkzeug - INFO - [33mPress CTRL+C to quit[0m
2025-03-28 22:24:49,331 - werkzeug - INFO - 127.0.0.1 - - [28/Mar/2025 22:24:49] "GET / HTTP/1.1" 200 -
2025-03-28 22:24:49,372 - werkzeug - INFO - 127.0.0.1 - - [28/Mar/2025 22:24:49] "[36mGET /static/style.css HTTP/1.1[0m" 304 -
2025-03-28 22:24:49,417 - werkzeug - INFO - 127.0.0.1 - - [28/Mar/2025 22:24:49] "[36mGET /static/script.js HTTP/1.1[0m" 304 -
2025-03-28 22:24:49,418 - werkzeug - INFO - 127.0.0.1 - - [28/Mar/2025 22:24:49] "[36mGET /static/logo.jpg HTTP/1.1[0m" 304 -
2025-03-28 22:24:50,665 - werkzeug - INFO - 127.0.0.1 - - [28/Mar/2025 22:24:50] "GET /data-editor HTTP/1.1" 200 -
2025-03-28 22:24:50,696 - werkzeug - INFO - 127.0.0.1 - - [28/Mar/2025 22:24:50] "[36mGET /static/style.css HTTP/1.1[0m" 304 -
2025-03-28 22:24:50,702 - werkzeug - INFO - 127.0.0.1 - - [28/Mar/2025 22:24:50] "[36mGET /static/logo.jpg HTTP/1.1[0m" 304 -
2025-03-28 22:24:50,703 - werkzeug - INFO - 127.0.0.1 - - [28/Mar/2025 22:24:50] "[36mGET /static/script.js HTTP/1.1[0m" 304 -
2025-03-28 22:25:58,288 - werkzeug - INFO - 127.0.0.1 - - [28/Mar/2025 22:25:58] "GET /data-editor HTTP/1.1" 200 -
2025-03-28 22:25:58,333 - werkzeug - INFO - 127.0.0.1 - - [28/Mar/2025 22:25:58] "[36mGET /static/style.css HTTP/1.1[0m" 304 -
2025-03-28 22:25:58,335 - werkzeug - INFO - 127.0.0.1 - - [28/Mar/2025 22:25:58] "[36mGET /static/logo.jpg HTTP/1.1[0m" 304 -
2025-03-28 22:25:58,337 - werkzeug - INFO - 127.0.0.1 - - [28/Mar/2025 22:25:58] "[36mGET /static/script.js HTTP/1.1[0m" 304 -
2025-03-28 22:26:00,281 - werkzeug - INFO - 127.0.0.1 - - [28/Mar/2025 22:26:00] "GET /data-editor HTTP/1.1" 200 -
2025-03-28 22:26:00,303 - werkzeug - INFO - 127.0.0.1 - - [28/Mar/2025 22:26:00] "[36mGET /static/style.css HTTP/1.1[0m" 304 -
2025-03-28 22:26:00,315 - werkzeug - INFO - 127.0.0.1 - - [28/Mar/2025 22:26:00] "[36mGET /static/script.js HTTP/1.1[0m" 304 -
2025-03-28 22:26:00,316 - werkzeug - INFO - 127.0.0.1 - - [28/Mar/2025 22:26:00] "[36mGET /static/logo.jpg HTTP/1.1[0m" 304 -
2025-03-28 22:26:05,591 - werkzeug - INFO - [31m[1mWARNING: This is a development server. Do not use it in a production deployment. Use a production WSGI server instead.[0m
 * Running on http://127.0.0.1:5000
2025-03-28 22:26:05,591 - werkzeug - INFO - [33mPress CTRL+C to quit[0m
2025-03-28 22:26:07,695 - werkzeug - INFO - 127.0.0.1 - - [28/Mar/2025 22:26:07] "GET / HTTP/1.1" 200 -
2025-03-28 22:26:07,737 - werkzeug - INFO - 127.0.0.1 - - [28/Mar/2025 22:26:07] "[36mGET /static/style.css HTTP/1.1[0m" 304 -
2025-03-28 22:26:07,784 - werkzeug - INFO - 127.0.0.1 - - [28/Mar/2025 22:26:07] "[36mGET /static/script.js HTTP/1.1[0m" 304 -
2025-03-28 22:26:07,784 - werkzeug - INFO - 127.0.0.1 - - [28/Mar/2025 22:26:07] "[36mGET /static/logo.jpg HTTP/1.1[0m" 304 -
2025-03-28 22:26:09,937 - werkzeug - INFO - 127.0.0.1 - - [28/Mar/2025 22:26:09] "GET /data-editor HTTP/1.1" 200 -
2025-03-28 22:26:09,971 - werkzeug - INFO - 127.0.0.1 - - [28/Mar/2025 22:26:09] "[36mGET /static/style.css HTTP/1.1[0m" 304 -
2025-03-28 22:26:09,977 - werkzeug - INFO - 127.0.0.1 - - [28/Mar/2025 22:26:09] "[36mGET /static/logo.jpg HTTP/1.1[0m" 304 -
2025-03-28 22:26:09,977 - werkzeug - INFO - 127.0.0.1 - - [28/Mar/2025 22:26:09] "[36mGET /static/script.js HTTP/1.1[0m" 304 -
2025-03-28 22:26:12,325 - werkzeug - INFO - 127.0.0.1 - - [28/Mar/2025 22:26:12] "GET /data-editor HTTP/1.1" 200 -
2025-03-28 22:26:12,358 - werkzeug - INFO - 127.0.0.1 - - [28/Mar/2025 22:26:12] "[36mGET /static/style.css HTTP/1.1[0m" 304 -
2025-03-28 22:26:12,359 - werkzeug - INFO - 127.0.0.1 - - [28/Mar/2025 22:26:12] "[36mGET /static/logo.jpg HTTP/1.1[0m" 304 -
2025-03-28 22:26:12,359 - werkzeug - INFO - 127.0.0.1 - - [28/Mar/2025 22:26:12] "[36mGET /static/script.js HTTP/1.1[0m" 304 -
2025-03-28 22:26:23,185 - werkzeug - INFO - 127.0.0.1 - - [28/Mar/2025 22:26:23] "GET /data-editor HTTP/1.1" 200 -
2025-03-28 22:26:23,208 - werkzeug - INFO - 127.0.0.1 - - [28/Mar/2025 22:26:23] "[36mGET /static/style.css HTTP/1.1[0m" 304 -
2025-03-28 22:26:23,214 - werkzeug - INFO - 127.0.0.1 - - [28/Mar/2025 22:26:23] "[36mGET /static/script.js HTTP/1.1[0m" 304 -
2025-03-28 22:26:23,215 - werkzeug - INFO - 127.0.0.1 - - [28/Mar/2025 22:26:23] "[36mGET /static/logo.jpg HTTP/1.1[0m" 304 -
2025-03-28 22:26:28,394 - werkzeug - INFO - [31m[1mWARNING: This is a development server. Do not use it in a production deployment. Use a production WSGI server instead.[0m
 * Running on http://127.0.0.1:5000
2025-03-28 22:26:28,394 - werkzeug - INFO - [33mPress CTRL+C to quit[0m
2025-03-28 22:26:29,938 - werkzeug - INFO - 127.0.0.1 - - [28/Mar/2025 22:26:29] "GET / HTTP/1.1" 200 -
2025-03-28 22:26:29,973 - werkzeug - INFO - 127.0.0.1 - - [28/Mar/2025 22:26:29] "[36mGET /static/style.css HTTP/1.1[0m" 304 -
2025-03-28 22:26:30,030 - werkzeug - INFO - 127.0.0.1 - - [28/Mar/2025 22:26:30] "[36mGET /static/script.js HTTP/1.1[0m" 304 -
2025-03-28 22:26:30,030 - werkzeug - INFO - 127.0.0.1 - - [28/Mar/2025 22:26:30] "[36mGET /static/logo.jpg HTTP/1.1[0m" 304 -
2025-03-28 22:26:31,475 - werkzeug - INFO - 127.0.0.1 - - [28/Mar/2025 22:26:31] "GET /data-editor HTTP/1.1" 200 -
2025-03-28 22:26:31,500 - werkzeug - INFO - 127.0.0.1 - - [28/Mar/2025 22:26:31] "[36mGET /static/style.css HTTP/1.1[0m" 304 -
2025-03-28 22:26:31,512 - werkzeug - INFO - 127.0.0.1 - - [28/Mar/2025 22:26:31] "[36mGET /static/logo.jpg HTTP/1.1[0m" 304 -
2025-03-28 22:26:31,513 - werkzeug - INFO - 127.0.0.1 - - [28/Mar/2025 22:26:31] "[36mGET /static/script.js HTTP/1.1[0m" 304 -
2025-03-28 22:28:46,018 - werkzeug - INFO - [31m[1mWARNING: This is a development server. Do not use it in a production deployment. Use a production WSGI server instead.[0m
 * Running on http://127.0.0.1:5000
2025-03-28 22:28:46,018 - werkzeug - INFO - [33mPress CTRL+C to quit[0m
2025-03-28 22:28:48,282 - werkzeug - INFO - 127.0.0.1 - - [28/Mar/2025 22:28:48] "GET / HTTP/1.1" 200 -
2025-03-28 22:28:48,325 - werkzeug - INFO - 127.0.0.1 - - [28/Mar/2025 22:28:48] "[36mGET /static/style.css HTTP/1.1[0m" 304 -
2025-03-28 22:28:48,373 - werkzeug - INFO - 127.0.0.1 - - [28/Mar/2025 22:28:48] "[36mGET /static/script.js HTTP/1.1[0m" 304 -
2025-03-28 22:28:48,373 - werkzeug - INFO - 127.0.0.1 - - [28/Mar/2025 22:28:48] "[36mGET /static/logo.jpg HTTP/1.1[0m" 304 -
2025-03-28 22:28:51,108 - werkzeug - INFO - 127.0.0.1 - - [28/Mar/2025 22:28:51] "GET /data-editor HTTP/1.1" 200 -
2025-03-28 22:28:51,144 - werkzeug - INFO - 127.0.0.1 - - [28/Mar/2025 22:28:51] "[36mGET /static/style.css HTTP/1.1[0m" 304 -
2025-03-28 22:28:51,144 - werkzeug - INFO - 127.0.0.1 - - [28/Mar/2025 22:28:51] "[36mGET /static/logo.jpg HTTP/1.1[0m" 304 -
2025-03-28 22:28:51,146 - werkzeug - INFO - 127.0.0.1 - - [28/Mar/2025 22:28:51] "[36mGET /static/script.js HTTP/1.1[0m" 304 -
2025-03-28 22:30:36,159 - werkzeug - INFO - 127.0.0.1 - - [28/Mar/2025 22:30:36] "GET / HTTP/1.1" 200 -
2025-03-28 22:30:36,209 - werkzeug - INFO - 127.0.0.1 - - [28/Mar/2025 22:30:36] "[36mGET /static/style.css HTTP/1.1[0m" 304 -
2025-03-28 22:30:36,215 - werkzeug - INFO - 127.0.0.1 - - [28/Mar/2025 22:30:36] "[36mGET /static/logo.jpg HTTP/1.1[0m" 304 -
2025-03-28 22:30:36,217 - werkzeug - INFO - 127.0.0.1 - - [28/Mar/2025 22:30:36] "[36mGET /static/script.js HTTP/1.1[0m" 304 -
2025-03-28 22:37:12,037 - werkzeug - INFO - [31m[1mWARNING: This is a development server. Do not use it in a production deployment. Use a production WSGI server instead.[0m
 * Running on http://127.0.0.1:5000
2025-03-28 22:37:12,038 - werkzeug - INFO - [33mPress CTRL+C to quit[0m
2025-03-28 22:37:18,511 - werkzeug - INFO - 127.0.0.1 - - [28/Mar/2025 22:37:18] "[32mGET / HTTP/1.1[0m" 302 -
2025-03-28 22:37:18,559 - werkzeug - INFO - 127.0.0.1 - - [28/Mar/2025 22:37:18] "GET /login?next=http://127.0.0.1:5000/ HTTP/1.1" 200 -
2025-03-28 22:37:18,620 - werkzeug - INFO - 127.0.0.1 - - [28/Mar/2025 22:37:18] "[36mGET /static/style.css HTTP/1.1[0m" 304 -
2025-03-28 22:37:18,684 - werkzeug - INFO - 127.0.0.1 - - [28/Mar/2025 22:37:18] "[36mGET /static/script.js HTTP/1.1[0m" 304 -
2025-03-28 22:37:18,684 - werkzeug - INFO - 127.0.0.1 - - [28/Mar/2025 22:37:18] "[36mGET /static/logo.jpg HTTP/1.1[0m" 304 -
2025-03-28 22:37:30,517 - werkzeug - INFO - 127.0.0.1 - - [28/Mar/2025 22:37:30] "[32mPOST /login HTTP/1.1[0m" 302 -
2025-03-28 22:37:30,526 - werkzeug - INFO - 127.0.0.1 - - [28/Mar/2025 22:37:30] "GET / HTTP/1.1" 200 -
2025-03-28 22:37:30,576 - werkzeug - INFO - 127.0.0.1 - - [28/Mar/2025 22:37:30] "[36mGET /static/style.css HTTP/1.1[0m" 304 -
2025-03-28 22:37:30,577 - werkzeug - INFO - 127.0.0.1 - - [28/Mar/2025 22:37:30] "[36mGET /static/logo.jpg HTTP/1.1[0m" 304 -
2025-03-28 22:37:30,578 - werkzeug - INFO - 127.0.0.1 - - [28/Mar/2025 22:37:30] "[36mGET /static/script.js HTTP/1.1[0m" 304 -
2025-03-28 22:37:37,249 - werkzeug - INFO - 127.0.0.1 - - [28/Mar/2025 22:37:37] "[32mPOST /generate-exercise HTTP/1.1[0m" 302 -
2025-03-28 22:37:37,252 - werkzeug - INFO - 127.0.0.1 - - [28/Mar/2025 22:37:37] "GET / HTTP/1.1" 200 -
2025-03-28 22:37:46,211 - werkzeug - INFO - 127.0.0.1 - - [28/Mar/2025 22:37:46] "[32mGET /logout HTTP/1.1[0m" 302 -
2025-03-28 22:37:46,214 - werkzeug - INFO - 127.0.0.1 - - [28/Mar/2025 22:37:46] "GET / HTTP/1.1" 200 -
2025-03-28 22:37:46,265 - werkzeug - INFO - 127.0.0.1 - - [28/Mar/2025 22:37:46] "[36mGET /static/style.css HTTP/1.1[0m" 304 -
2025-03-28 22:37:46,266 - werkzeug - INFO - 127.0.0.1 - - [28/Mar/2025 22:37:46] "[36mGET /static/logo.jpg HTTP/1.1[0m" 304 -
2025-03-28 22:37:46,266 - werkzeug - INFO - 127.0.0.1 - - [28/Mar/2025 22:37:46] "[36mGET /static/script.js HTTP/1.1[0m" 304 -
2025-03-28 22:37:49,677 - werkzeug - INFO - 127.0.0.1 - - [28/Mar/2025 22:37:49] "[32mGET /logout HTTP/1.1[0m" 302 -
2025-03-28 22:37:49,681 - werkzeug - INFO - 127.0.0.1 - - [28/Mar/2025 22:37:49] "GET / HTTP/1.1" 200 -
2025-03-28 22:37:49,730 - werkzeug - INFO - 127.0.0.1 - - [28/Mar/2025 22:37:49] "[36mGET /static/style.css HTTP/1.1[0m" 304 -
2025-03-28 22:37:49,732 - werkzeug - INFO - 127.0.0.1 - - [28/Mar/2025 22:37:49] "[36mGET /static/script.js HTTP/1.1[0m" 304 -
2025-03-28 22:37:49,733 - werkzeug - INFO - 127.0.0.1 - - [28/Mar/2025 22:37:49] "[36mGET /static/logo.jpg HTTP/1.1[0m" 304 -
2025-03-28 22:37:55,705 - werkzeug - INFO - 127.0.0.1 - - [28/Mar/2025 22:37:55] "[32mPOST /generate-exercise HTTP/1.1[0m" 302 -
2025-03-28 22:37:55,710 - werkzeug - INFO - 127.0.0.1 - - [28/Mar/2025 22:37:55] "GET / HTTP/1.1" 200 -
2025-03-28 22:38:16,174 - app - ERROR - Exception on /ged [GET]
Traceback (most recent call last):
  File "d:\exercices-python-v0\.venv\Lib\site-packages\sqlalchemy\engine\base.py", line 1964, in _exec_single_context
    self.dialect.do_execute(
    ~~~~~~~~~~~~~~~~~~~~~~~^
        cursor, str_statement, effective_parameters, context
        ^^^^^^^^^^^^^^^^^^^^^^^^^^^^^^^^^^^^^^^^^^^^^^^^^^^^
    )
    ^
  File "d:\exercices-python-v0\.venv\Lib\site-packages\sqlalchemy\engine\default.py", line 945, in do_execute
    cursor.execute(statement, parameters)
    ~~~~~~~~~~~~~~^^^^^^^^^^^^^^^^^^^^^^^
sqlite3.OperationalError: no such table: document

The above exception was the direct cause of the following exception:

Traceback (most recent call last):
  File "d:\exercices-python-v0\.venv\Lib\site-packages\flask\app.py", line 2190, in wsgi_app
    response = self.full_dispatch_request()
  File "d:\exercices-python-v0\.venv\Lib\site-packages\flask\app.py", line 1486, in full_dispatch_request
    rv = self.handle_user_exception(e)
  File "d:\exercices-python-v0\.venv\Lib\site-packages\flask\app.py", line 1484, in full_dispatch_request
    rv = self.dispatch_request()
  File "d:\exercices-python-v0\.venv\Lib\site-packages\flask\app.py", line 1469, in dispatch_request
    return self.ensure_sync(self.view_functions[rule.endpoint])(**view_args)
           ~~~~~~~~~~~~~~~~~~~~~~~~~~~~~~~~~~~~~~~~~~~~~~~~~~~~^^^^^^^^^^^^^
  File "D:\exercices-python-v0\app.py", line 95, in decorated_function
    return f(*args, **kwargs)
  File "D:\exercices-python-v0\app.py", line 763, in ged
    documents = Document.query.order_by(Document.date_upload.desc()).all()
  File "d:\exercices-python-v0\.venv\Lib\site-packages\sqlalchemy\orm\query.py", line 2704, in all
    return self._iter().all()  # type: ignore
           ~~~~~~~~~~^^
  File "d:\exercices-python-v0\.venv\Lib\site-packages\sqlalchemy\orm\query.py", line 2858, in _iter
    result: Union[ScalarResult[_T], Result[_T]] = self.session.execute(
                                                  ~~~~~~~~~~~~~~~~~~~~^
        statement,
        ^^^^^^^^^^
        params,
        ^^^^^^^
        execution_options={"_sa_orm_load_options": self.load_options},
        ^^^^^^^^^^^^^^^^^^^^^^^^^^^^^^^^^^^^^^^^^^^^^^^^^^^^^^^^^^^^^^
    )
    ^
  File "d:\exercices-python-v0\.venv\Lib\site-packages\sqlalchemy\orm\session.py", line 2365, in execute
    return self._execute_internal(
           ~~~~~~~~~~~~~~~~~~~~~~^
        statement,
        ^^^^^^^^^^
    ...<4 lines>...
        _add_event=_add_event,
        ^^^^^^^^^^^^^^^^^^^^^^
    )
    ^
  File "d:\exercices-python-v0\.venv\Lib\site-packages\sqlalchemy\orm\session.py", line 2251, in _execute_internal
    result: Result[Any] = compile_state_cls.orm_execute_statement(
                          ~~~~~~~~~~~~~~~~~~~~~~~~~~~~~~~~~~~~~~~^
        self,
        ^^^^^
    ...<4 lines>...
        conn,
        ^^^^^
    )
    ^
  File "d:\exercices-python-v0\.venv\Lib\site-packages\sqlalchemy\orm\context.py", line 306, in orm_execute_statement
    result = conn.execute(
        statement, params or {}, execution_options=execution_options
    )
  File "d:\exercices-python-v0\.venv\Lib\site-packages\sqlalchemy\engine\base.py", line 1416, in execute
    return meth(
        self,
        distilled_parameters,
        execution_options or NO_OPTIONS,
    )
  File "d:\exercices-python-v0\.venv\Lib\site-packages\sqlalchemy\sql\elements.py", line 523, in _execute_on_connection
    return connection._execute_clauseelement(
           ~~~~~~~~~~~~~~~~~~~~~~~~~~~~~~~~~^
        self, distilled_params, execution_options
        ^^^^^^^^^^^^^^^^^^^^^^^^^^^^^^^^^^^^^^^^^
    )
    ^
  File "d:\exercices-python-v0\.venv\Lib\site-packages\sqlalchemy\engine\base.py", line 1638, in _execute_clauseelement
    ret = self._execute_context(
        dialect,
    ...<8 lines>...
        cache_hit=cache_hit,
    )
  File "d:\exercices-python-v0\.venv\Lib\site-packages\sqlalchemy\engine\base.py", line 1843, in _execute_context
    return self._exec_single_context(
           ~~~~~~~~~~~~~~~~~~~~~~~~~^
        dialect, context, statement, parameters
        ^^^^^^^^^^^^^^^^^^^^^^^^^^^^^^^^^^^^^^^
    )
    ^
  File "d:\exercices-python-v0\.venv\Lib\site-packages\sqlalchemy\engine\base.py", line 1983, in _exec_single_context
    self._handle_dbapi_exception(
    ~~~~~~~~~~~~~~~~~~~~~~~~~~~~^
        e, str_statement, effective_parameters, cursor, context
        ^^^^^^^^^^^^^^^^^^^^^^^^^^^^^^^^^^^^^^^^^^^^^^^^^^^^^^^
    )
    ^
  File "d:\exercices-python-v0\.venv\Lib\site-packages\sqlalchemy\engine\base.py", line 2352, in _handle_dbapi_exception
    raise sqlalchemy_exception.with_traceback(exc_info[2]) from e
  File "d:\exercices-python-v0\.venv\Lib\site-packages\sqlalchemy\engine\base.py", line 1964, in _exec_single_context
    self.dialect.do_execute(
    ~~~~~~~~~~~~~~~~~~~~~~~^
        cursor, str_statement, effective_parameters, context
        ^^^^^^^^^^^^^^^^^^^^^^^^^^^^^^^^^^^^^^^^^^^^^^^^^^^^
    )
    ^
  File "d:\exercices-python-v0\.venv\Lib\site-packages\sqlalchemy\engine\default.py", line 945, in do_execute
    cursor.execute(statement, parameters)
    ~~~~~~~~~~~~~~^^^^^^^^^^^^^^^^^^^^^^^
sqlalchemy.exc.OperationalError: (sqlite3.OperationalError) no such table: document
[SQL: SELECT document.id AS document_id, document.nom_fichier AS document_nom_fichier, document.nom_unique AS document_nom_unique, document.date_upload AS document_date_upload, document.taille_fichier AS document_taille_fichier, document.type_mime AS document_type_mime, document.description AS document_description, document.user_id AS document_user_id 
FROM document ORDER BY document.date_upload DESC]
(Background on this error at: https://sqlalche.me/e/20/e3q8)
2025-03-28 22:38:16,184 - werkzeug - INFO - 127.0.0.1 - - [28/Mar/2025 22:38:16] "[35m[1mGET /ged HTTP/1.1[0m" 500 -
2025-03-28 22:38:39,344 - app - ERROR - Exception on /ged [GET]
Traceback (most recent call last):
  File "d:\exercices-python-v0\.venv\Lib\site-packages\sqlalchemy\engine\base.py", line 1964, in _exec_single_context
    self.dialect.do_execute(
    ~~~~~~~~~~~~~~~~~~~~~~~^
        cursor, str_statement, effective_parameters, context
        ^^^^^^^^^^^^^^^^^^^^^^^^^^^^^^^^^^^^^^^^^^^^^^^^^^^^
    )
    ^
  File "d:\exercices-python-v0\.venv\Lib\site-packages\sqlalchemy\engine\default.py", line 945, in do_execute
    cursor.execute(statement, parameters)
    ~~~~~~~~~~~~~~^^^^^^^^^^^^^^^^^^^^^^^
sqlite3.OperationalError: no such table: document

The above exception was the direct cause of the following exception:

Traceback (most recent call last):
  File "d:\exercices-python-v0\.venv\Lib\site-packages\flask\app.py", line 2190, in wsgi_app
    response = self.full_dispatch_request()
  File "d:\exercices-python-v0\.venv\Lib\site-packages\flask\app.py", line 1486, in full_dispatch_request
    rv = self.handle_user_exception(e)
  File "d:\exercices-python-v0\.venv\Lib\site-packages\flask\app.py", line 1484, in full_dispatch_request
    rv = self.dispatch_request()
  File "d:\exercices-python-v0\.venv\Lib\site-packages\flask\app.py", line 1469, in dispatch_request
    return self.ensure_sync(self.view_functions[rule.endpoint])(**view_args)
           ~~~~~~~~~~~~~~~~~~~~~~~~~~~~~~~~~~~~~~~~~~~~~~~~~~~~^^^^^^^^^^^^^
  File "D:\exercices-python-v0\app.py", line 95, in decorated_function
    et debutant est un booléen indiquant si l'exercice est pour débutant
               ^^^^^^^^^^^^^^^^^
  File "D:\exercices-python-v0\app.py", line 763, in ged
    if __name__ == '__main__':
                    ^^^^^^^^^^
  File "d:\exercices-python-v0\.venv\Lib\site-packages\sqlalchemy\orm\query.py", line 2704, in all
    return self._iter().all()  # type: ignore
           ~~~~~~~~~~^^
  File "d:\exercices-python-v0\.venv\Lib\site-packages\sqlalchemy\orm\query.py", line 2858, in _iter
    result: Union[ScalarResult[_T], Result[_T]] = self.session.execute(
                                                  ~~~~~~~~~~~~~~~~~~~~^
        statement,
        ^^^^^^^^^^
        params,
        ^^^^^^^
        execution_options={"_sa_orm_load_options": self.load_options},
        ^^^^^^^^^^^^^^^^^^^^^^^^^^^^^^^^^^^^^^^^^^^^^^^^^^^^^^^^^^^^^^
    )
    ^
  File "d:\exercices-python-v0\.venv\Lib\site-packages\sqlalchemy\orm\session.py", line 2365, in execute
    return self._execute_internal(
           ~~~~~~~~~~~~~~~~~~~~~~^
        statement,
        ^^^^^^^^^^
    ...<4 lines>...
        _add_event=_add_event,
        ^^^^^^^^^^^^^^^^^^^^^^
    )
    ^
  File "d:\exercices-python-v0\.venv\Lib\site-packages\sqlalchemy\orm\session.py", line 2251, in _execute_internal
    result: Result[Any] = compile_state_cls.orm_execute_statement(
                          ~~~~~~~~~~~~~~~~~~~~~~~~~~~~~~~~~~~~~~~^
        self,
        ^^^^^
    ...<4 lines>...
        conn,
        ^^^^^
    )
    ^
  File "d:\exercices-python-v0\.venv\Lib\site-packages\sqlalchemy\orm\context.py", line 306, in orm_execute_statement
    result = conn.execute(
        statement, params or {}, execution_options=execution_options
    )
  File "d:\exercices-python-v0\.venv\Lib\site-packages\sqlalchemy\engine\base.py", line 1416, in execute
    return meth(
        self,
        distilled_parameters,
        execution_options or NO_OPTIONS,
    )
  File "d:\exercices-python-v0\.venv\Lib\site-packages\sqlalchemy\sql\elements.py", line 523, in _execute_on_connection
    return connection._execute_clauseelement(
           ~~~~~~~~~~~~~~~~~~~~~~~~~~~~~~~~~^
        self, distilled_params, execution_options
        ^^^^^^^^^^^^^^^^^^^^^^^^^^^^^^^^^^^^^^^^^
    )
    ^
  File "d:\exercices-python-v0\.venv\Lib\site-packages\sqlalchemy\engine\base.py", line 1638, in _execute_clauseelement
    ret = self._execute_context(
        dialect,
    ...<8 lines>...
        cache_hit=cache_hit,
    )
  File "d:\exercices-python-v0\.venv\Lib\site-packages\sqlalchemy\engine\base.py", line 1843, in _execute_context
    return self._exec_single_context(
           ~~~~~~~~~~~~~~~~~~~~~~~~~^
        dialect, context, statement, parameters
        ^^^^^^^^^^^^^^^^^^^^^^^^^^^^^^^^^^^^^^^
    )
    ^
  File "d:\exercices-python-v0\.venv\Lib\site-packages\sqlalchemy\engine\base.py", line 1983, in _exec_single_context
    self._handle_dbapi_exception(
    ~~~~~~~~~~~~~~~~~~~~~~~~~~~~^
        e, str_statement, effective_parameters, cursor, context
        ^^^^^^^^^^^^^^^^^^^^^^^^^^^^^^^^^^^^^^^^^^^^^^^^^^^^^^^
    )
    ^
  File "d:\exercices-python-v0\.venv\Lib\site-packages\sqlalchemy\engine\base.py", line 2352, in _handle_dbapi_exception
    raise sqlalchemy_exception.with_traceback(exc_info[2]) from e
  File "d:\exercices-python-v0\.venv\Lib\site-packages\sqlalchemy\engine\base.py", line 1964, in _exec_single_context
    self.dialect.do_execute(
    ~~~~~~~~~~~~~~~~~~~~~~~^
        cursor, str_statement, effective_parameters, context
        ^^^^^^^^^^^^^^^^^^^^^^^^^^^^^^^^^^^^^^^^^^^^^^^^^^^^
    )
    ^
  File "d:\exercices-python-v0\.venv\Lib\site-packages\sqlalchemy\engine\default.py", line 945, in do_execute
    cursor.execute(statement, parameters)
    ~~~~~~~~~~~~~~^^^^^^^^^^^^^^^^^^^^^^^
sqlalchemy.exc.OperationalError: (sqlite3.OperationalError) no such table: document
[SQL: SELECT document.id AS document_id, document.nom_fichier AS document_nom_fichier, document.nom_unique AS document_nom_unique, document.date_upload AS document_date_upload, document.taille_fichier AS document_taille_fichier, document.type_mime AS document_type_mime, document.description AS document_description, document.user_id AS document_user_id 
FROM document ORDER BY document.date_upload DESC]
(Background on this error at: https://sqlalche.me/e/20/e3q8)
2025-03-28 22:38:39,347 - werkzeug - INFO - 127.0.0.1 - - [28/Mar/2025 22:38:39] "[35m[1mGET /ged HTTP/1.1[0m" 500 -
2025-03-28 22:38:40,484 - app - ERROR - Exception on /ged [GET]
Traceback (most recent call last):
  File "d:\exercices-python-v0\.venv\Lib\site-packages\sqlalchemy\engine\base.py", line 1964, in _exec_single_context
    self.dialect.do_execute(
    ~~~~~~~~~~~~~~~~~~~~~~~^
        cursor, str_statement, effective_parameters, context
        ^^^^^^^^^^^^^^^^^^^^^^^^^^^^^^^^^^^^^^^^^^^^^^^^^^^^
    )
    ^
  File "d:\exercices-python-v0\.venv\Lib\site-packages\sqlalchemy\engine\default.py", line 945, in do_execute
    cursor.execute(statement, parameters)
    ~~~~~~~~~~~~~~^^^^^^^^^^^^^^^^^^^^^^^
sqlite3.OperationalError: no such table: document

The above exception was the direct cause of the following exception:

Traceback (most recent call last):
  File "d:\exercices-python-v0\.venv\Lib\site-packages\flask\app.py", line 2190, in wsgi_app
    response = self.full_dispatch_request()
  File "d:\exercices-python-v0\.venv\Lib\site-packages\flask\app.py", line 1486, in full_dispatch_request
    rv = self.handle_user_exception(e)
  File "d:\exercices-python-v0\.venv\Lib\site-packages\flask\app.py", line 1484, in full_dispatch_request
    rv = self.dispatch_request()
  File "d:\exercices-python-v0\.venv\Lib\site-packages\flask\app.py", line 1469, in dispatch_request
    return self.ensure_sync(self.view_functions[rule.endpoint])(**view_args)
           ~~~~~~~~~~~~~~~~~~~~~~~~~~~~~~~~~~~~~~~~~~~~~~~~~~~~^^^^^^^^^^^^^
  File "D:\exercices-python-v0\app.py", line 95, in decorated_function
    et debutant est un booléen indiquant si l'exercice est pour débutant
               ^^^^^^^^^^^^^^^^^
  File "D:\exercices-python-v0\app.py", line 763, in ged
    if __name__ == '__main__':
                    ^^^^^^^^^^
  File "d:\exercices-python-v0\.venv\Lib\site-packages\sqlalchemy\orm\query.py", line 2704, in all
    return self._iter().all()  # type: ignore
           ~~~~~~~~~~^^
  File "d:\exercices-python-v0\.venv\Lib\site-packages\sqlalchemy\orm\query.py", line 2858, in _iter
    result: Union[ScalarResult[_T], Result[_T]] = self.session.execute(
                                                  ~~~~~~~~~~~~~~~~~~~~^
        statement,
        ^^^^^^^^^^
        params,
        ^^^^^^^
        execution_options={"_sa_orm_load_options": self.load_options},
        ^^^^^^^^^^^^^^^^^^^^^^^^^^^^^^^^^^^^^^^^^^^^^^^^^^^^^^^^^^^^^^
    )
    ^
  File "d:\exercices-python-v0\.venv\Lib\site-packages\sqlalchemy\orm\session.py", line 2365, in execute
    return self._execute_internal(
           ~~~~~~~~~~~~~~~~~~~~~~^
        statement,
        ^^^^^^^^^^
    ...<4 lines>...
        _add_event=_add_event,
        ^^^^^^^^^^^^^^^^^^^^^^
    )
    ^
  File "d:\exercices-python-v0\.venv\Lib\site-packages\sqlalchemy\orm\session.py", line 2251, in _execute_internal
    result: Result[Any] = compile_state_cls.orm_execute_statement(
                          ~~~~~~~~~~~~~~~~~~~~~~~~~~~~~~~~~~~~~~~^
        self,
        ^^^^^
    ...<4 lines>...
        conn,
        ^^^^^
    )
    ^
  File "d:\exercices-python-v0\.venv\Lib\site-packages\sqlalchemy\orm\context.py", line 306, in orm_execute_statement
    result = conn.execute(
        statement, params or {}, execution_options=execution_options
    )
  File "d:\exercices-python-v0\.venv\Lib\site-packages\sqlalchemy\engine\base.py", line 1416, in execute
    return meth(
        self,
        distilled_parameters,
        execution_options or NO_OPTIONS,
    )
  File "d:\exercices-python-v0\.venv\Lib\site-packages\sqlalchemy\sql\elements.py", line 523, in _execute_on_connection
    return connection._execute_clauseelement(
           ~~~~~~~~~~~~~~~~~~~~~~~~~~~~~~~~~^
        self, distilled_params, execution_options
        ^^^^^^^^^^^^^^^^^^^^^^^^^^^^^^^^^^^^^^^^^
    )
    ^
  File "d:\exercices-python-v0\.venv\Lib\site-packages\sqlalchemy\engine\base.py", line 1638, in _execute_clauseelement
    ret = self._execute_context(
        dialect,
    ...<8 lines>...
        cache_hit=cache_hit,
    )
  File "d:\exercices-python-v0\.venv\Lib\site-packages\sqlalchemy\engine\base.py", line 1843, in _execute_context
    return self._exec_single_context(
           ~~~~~~~~~~~~~~~~~~~~~~~~~^
        dialect, context, statement, parameters
        ^^^^^^^^^^^^^^^^^^^^^^^^^^^^^^^^^^^^^^^
    )
    ^
  File "d:\exercices-python-v0\.venv\Lib\site-packages\sqlalchemy\engine\base.py", line 1983, in _exec_single_context
    self._handle_dbapi_exception(
    ~~~~~~~~~~~~~~~~~~~~~~~~~~~~^
        e, str_statement, effective_parameters, cursor, context
        ^^^^^^^^^^^^^^^^^^^^^^^^^^^^^^^^^^^^^^^^^^^^^^^^^^^^^^^
    )
    ^
  File "d:\exercices-python-v0\.venv\Lib\site-packages\sqlalchemy\engine\base.py", line 2352, in _handle_dbapi_exception
    raise sqlalchemy_exception.with_traceback(exc_info[2]) from e
  File "d:\exercices-python-v0\.venv\Lib\site-packages\sqlalchemy\engine\base.py", line 1964, in _exec_single_context
    self.dialect.do_execute(
    ~~~~~~~~~~~~~~~~~~~~~~~^
        cursor, str_statement, effective_parameters, context
        ^^^^^^^^^^^^^^^^^^^^^^^^^^^^^^^^^^^^^^^^^^^^^^^^^^^^
    )
    ^
  File "d:\exercices-python-v0\.venv\Lib\site-packages\sqlalchemy\engine\default.py", line 945, in do_execute
    cursor.execute(statement, parameters)
    ~~~~~~~~~~~~~~^^^^^^^^^^^^^^^^^^^^^^^
sqlalchemy.exc.OperationalError: (sqlite3.OperationalError) no such table: document
[SQL: SELECT document.id AS document_id, document.nom_fichier AS document_nom_fichier, document.nom_unique AS document_nom_unique, document.date_upload AS document_date_upload, document.taille_fichier AS document_taille_fichier, document.type_mime AS document_type_mime, document.description AS document_description, document.user_id AS document_user_id 
FROM document ORDER BY document.date_upload DESC]
(Background on this error at: https://sqlalche.me/e/20/e3q8)
2025-03-28 22:38:40,486 - werkzeug - INFO - 127.0.0.1 - - [28/Mar/2025 22:38:40] "[35m[1mGET /ged HTTP/1.1[0m" 500 -
2025-03-28 22:38:45,117 - werkzeug - INFO - [31m[1mWARNING: This is a development server. Do not use it in a production deployment. Use a production WSGI server instead.[0m
 * Running on http://127.0.0.1:5000
2025-03-28 22:38:45,117 - werkzeug - INFO - [33mPress CTRL+C to quit[0m
2025-03-28 22:38:53,398 - werkzeug - INFO - 127.0.0.1 - - [28/Mar/2025 22:38:53] "GET / HTTP/1.1" 200 -
2025-03-28 22:38:53,443 - werkzeug - INFO - 127.0.0.1 - - [28/Mar/2025 22:38:53] "[36mGET /static/style.css HTTP/1.1[0m" 304 -
2025-03-28 22:38:53,488 - werkzeug - INFO - 127.0.0.1 - - [28/Mar/2025 22:38:53] "[36mGET /static/script.js HTTP/1.1[0m" 304 -
2025-03-28 22:38:53,488 - werkzeug - INFO - 127.0.0.1 - - [28/Mar/2025 22:38:53] "[36mGET /static/logo.jpg HTTP/1.1[0m" 304 -
2025-03-28 22:39:02,000 - werkzeug - INFO - 127.0.0.1 - - [28/Mar/2025 22:39:02] "POST /generate-exercise HTTP/1.1" 200 -
2025-03-28 22:39:35,063 - werkzeug - INFO - 127.0.0.1 - - [28/Mar/2025 22:39:35] "GET /config HTTP/1.1" 200 -
2025-03-28 22:39:35,114 - werkzeug - INFO - 127.0.0.1 - - [28/Mar/2025 22:39:35] "[36mGET /static/style.css HTTP/1.1[0m" 304 -
2025-03-28 22:39:35,116 - werkzeug - INFO - 127.0.0.1 - - [28/Mar/2025 22:39:35] "[36mGET /static/logo.jpg HTTP/1.1[0m" 304 -
2025-03-28 22:39:35,120 - werkzeug - INFO - 127.0.0.1 - - [28/Mar/2025 22:39:35] "[36mGET /static/script.js HTTP/1.1[0m" 304 -
2025-03-28 22:39:35,661 - app - ERROR - Exception on /ged [GET]
Traceback (most recent call last):
  File "d:\exercices-python-v0\.venv\Lib\site-packages\sqlalchemy\engine\base.py", line 1964, in _exec_single_context
    self.dialect.do_execute(
    ~~~~~~~~~~~~~~~~~~~~~~~^
        cursor, str_statement, effective_parameters, context
        ^^^^^^^^^^^^^^^^^^^^^^^^^^^^^^^^^^^^^^^^^^^^^^^^^^^^
    )
    ^
  File "d:\exercices-python-v0\.venv\Lib\site-packages\sqlalchemy\engine\default.py", line 945, in do_execute
    cursor.execute(statement, parameters)
    ~~~~~~~~~~~~~~^^^^^^^^^^^^^^^^^^^^^^^
sqlite3.OperationalError: no such table: document

The above exception was the direct cause of the following exception:

Traceback (most recent call last):
  File "d:\exercices-python-v0\.venv\Lib\site-packages\flask\app.py", line 2190, in wsgi_app
    response = self.full_dispatch_request()
  File "d:\exercices-python-v0\.venv\Lib\site-packages\flask\app.py", line 1486, in full_dispatch_request
    rv = self.handle_user_exception(e)
  File "d:\exercices-python-v0\.venv\Lib\site-packages\flask\app.py", line 1484, in full_dispatch_request
    rv = self.dispatch_request()
  File "d:\exercices-python-v0\.venv\Lib\site-packages\flask\app.py", line 1469, in dispatch_request
    return self.ensure_sync(self.view_functions[rule.endpoint])(**view_args)
           ~~~~~~~~~~~~~~~~~~~~~~~~~~~~~~~~~~~~~~~~~~~~~~~~~~~~^^^^^^^^^^^^^
  File "D:\exercices-python-v0\app.py", line 628, in ged
    documents = Document.query.order_by(Document.date_upload.desc()).all()
  File "d:\exercices-python-v0\.venv\Lib\site-packages\sqlalchemy\orm\query.py", line 2704, in all
    return self._iter().all()  # type: ignore
           ~~~~~~~~~~^^
  File "d:\exercices-python-v0\.venv\Lib\site-packages\sqlalchemy\orm\query.py", line 2858, in _iter
    result: Union[ScalarResult[_T], Result[_T]] = self.session.execute(
                                                  ~~~~~~~~~~~~~~~~~~~~^
        statement,
        ^^^^^^^^^^
        params,
        ^^^^^^^
        execution_options={"_sa_orm_load_options": self.load_options},
        ^^^^^^^^^^^^^^^^^^^^^^^^^^^^^^^^^^^^^^^^^^^^^^^^^^^^^^^^^^^^^^
    )
    ^
  File "d:\exercices-python-v0\.venv\Lib\site-packages\sqlalchemy\orm\session.py", line 2365, in execute
    return self._execute_internal(
           ~~~~~~~~~~~~~~~~~~~~~~^
        statement,
        ^^^^^^^^^^
    ...<4 lines>...
        _add_event=_add_event,
        ^^^^^^^^^^^^^^^^^^^^^^
    )
    ^
  File "d:\exercices-python-v0\.venv\Lib\site-packages\sqlalchemy\orm\session.py", line 2251, in _execute_internal
    result: Result[Any] = compile_state_cls.orm_execute_statement(
                          ~~~~~~~~~~~~~~~~~~~~~~~~~~~~~~~~~~~~~~~^
        self,
        ^^^^^
    ...<4 lines>...
        conn,
        ^^^^^
    )
    ^
  File "d:\exercices-python-v0\.venv\Lib\site-packages\sqlalchemy\orm\context.py", line 306, in orm_execute_statement
    result = conn.execute(
        statement, params or {}, execution_options=execution_options
    )
  File "d:\exercices-python-v0\.venv\Lib\site-packages\sqlalchemy\engine\base.py", line 1416, in execute
    return meth(
        self,
        distilled_parameters,
        execution_options or NO_OPTIONS,
    )
  File "d:\exercices-python-v0\.venv\Lib\site-packages\sqlalchemy\sql\elements.py", line 523, in _execute_on_connection
    return connection._execute_clauseelement(
           ~~~~~~~~~~~~~~~~~~~~~~~~~~~~~~~~~^
        self, distilled_params, execution_options
        ^^^^^^^^^^^^^^^^^^^^^^^^^^^^^^^^^^^^^^^^^
    )
    ^
  File "d:\exercices-python-v0\.venv\Lib\site-packages\sqlalchemy\engine\base.py", line 1638, in _execute_clauseelement
    ret = self._execute_context(
        dialect,
    ...<8 lines>...
        cache_hit=cache_hit,
    )
  File "d:\exercices-python-v0\.venv\Lib\site-packages\sqlalchemy\engine\base.py", line 1843, in _execute_context
    return self._exec_single_context(
           ~~~~~~~~~~~~~~~~~~~~~~~~~^
        dialect, context, statement, parameters
        ^^^^^^^^^^^^^^^^^^^^^^^^^^^^^^^^^^^^^^^
    )
    ^
  File "d:\exercices-python-v0\.venv\Lib\site-packages\sqlalchemy\engine\base.py", line 1983, in _exec_single_context
    self._handle_dbapi_exception(
    ~~~~~~~~~~~~~~~~~~~~~~~~~~~~^
        e, str_statement, effective_parameters, cursor, context
        ^^^^^^^^^^^^^^^^^^^^^^^^^^^^^^^^^^^^^^^^^^^^^^^^^^^^^^^
    )
    ^
  File "d:\exercices-python-v0\.venv\Lib\site-packages\sqlalchemy\engine\base.py", line 2352, in _handle_dbapi_exception
    raise sqlalchemy_exception.with_traceback(exc_info[2]) from e
  File "d:\exercices-python-v0\.venv\Lib\site-packages\sqlalchemy\engine\base.py", line 1964, in _exec_single_context
    self.dialect.do_execute(
    ~~~~~~~~~~~~~~~~~~~~~~~^
        cursor, str_statement, effective_parameters, context
        ^^^^^^^^^^^^^^^^^^^^^^^^^^^^^^^^^^^^^^^^^^^^^^^^^^^^
    )
    ^
  File "d:\exercices-python-v0\.venv\Lib\site-packages\sqlalchemy\engine\default.py", line 945, in do_execute
    cursor.execute(statement, parameters)
    ~~~~~~~~~~~~~~^^^^^^^^^^^^^^^^^^^^^^^
sqlalchemy.exc.OperationalError: (sqlite3.OperationalError) no such table: document
[SQL: SELECT document.id AS document_id, document.nom_fichier AS document_nom_fichier, document.nom_unique AS document_nom_unique, document.date_upload AS document_date_upload, document.taille_fichier AS document_taille_fichier, document.type_mime AS document_type_mime, document.description AS document_description, document.user_id AS document_user_id 
FROM document ORDER BY document.date_upload DESC]
(Background on this error at: https://sqlalche.me/e/20/e3q8)
2025-03-28 22:39:35,666 - werkzeug - INFO - 127.0.0.1 - - [28/Mar/2025 22:39:35] "[35m[1mGET /ged HTTP/1.1[0m" 500 -
2025-03-28 22:39:37,846 - app - ERROR - Exception on /ged [GET]
Traceback (most recent call last):
  File "d:\exercices-python-v0\.venv\Lib\site-packages\sqlalchemy\engine\base.py", line 1964, in _exec_single_context
    self.dialect.do_execute(
    ~~~~~~~~~~~~~~~~~~~~~~~^
        cursor, str_statement, effective_parameters, context
        ^^^^^^^^^^^^^^^^^^^^^^^^^^^^^^^^^^^^^^^^^^^^^^^^^^^^
    )
    ^
  File "d:\exercices-python-v0\.venv\Lib\site-packages\sqlalchemy\engine\default.py", line 945, in do_execute
    cursor.execute(statement, parameters)
    ~~~~~~~~~~~~~~^^^^^^^^^^^^^^^^^^^^^^^
sqlite3.OperationalError: no such table: document

The above exception was the direct cause of the following exception:

Traceback (most recent call last):
  File "d:\exercices-python-v0\.venv\Lib\site-packages\flask\app.py", line 2190, in wsgi_app
    response = self.full_dispatch_request()
  File "d:\exercices-python-v0\.venv\Lib\site-packages\flask\app.py", line 1486, in full_dispatch_request
    rv = self.handle_user_exception(e)
  File "d:\exercices-python-v0\.venv\Lib\site-packages\flask\app.py", line 1484, in full_dispatch_request
    rv = self.dispatch_request()
  File "d:\exercices-python-v0\.venv\Lib\site-packages\flask\app.py", line 1469, in dispatch_request
    return self.ensure_sync(self.view_functions[rule.endpoint])(**view_args)
           ~~~~~~~~~~~~~~~~~~~~~~~~~~~~~~~~~~~~~~~~~~~~~~~~~~~~^^^^^^^^^^^^^
  File "D:\exercices-python-v0\app.py", line 628, in ged
    documents = Document.query.order_by(Document.date_upload.desc()).all()
  File "d:\exercices-python-v0\.venv\Lib\site-packages\sqlalchemy\orm\query.py", line 2704, in all
    return self._iter().all()  # type: ignore
           ~~~~~~~~~~^^
  File "d:\exercices-python-v0\.venv\Lib\site-packages\sqlalchemy\orm\query.py", line 2858, in _iter
    result: Union[ScalarResult[_T], Result[_T]] = self.session.execute(
                                                  ~~~~~~~~~~~~~~~~~~~~^
        statement,
        ^^^^^^^^^^
        params,
        ^^^^^^^
        execution_options={"_sa_orm_load_options": self.load_options},
        ^^^^^^^^^^^^^^^^^^^^^^^^^^^^^^^^^^^^^^^^^^^^^^^^^^^^^^^^^^^^^^
    )
    ^
  File "d:\exercices-python-v0\.venv\Lib\site-packages\sqlalchemy\orm\session.py", line 2365, in execute
    return self._execute_internal(
           ~~~~~~~~~~~~~~~~~~~~~~^
        statement,
        ^^^^^^^^^^
    ...<4 lines>...
        _add_event=_add_event,
        ^^^^^^^^^^^^^^^^^^^^^^
    )
    ^
  File "d:\exercices-python-v0\.venv\Lib\site-packages\sqlalchemy\orm\session.py", line 2251, in _execute_internal
    result: Result[Any] = compile_state_cls.orm_execute_statement(
                          ~~~~~~~~~~~~~~~~~~~~~~~~~~~~~~~~~~~~~~~^
        self,
        ^^^^^
    ...<4 lines>...
        conn,
        ^^^^^
    )
    ^
  File "d:\exercices-python-v0\.venv\Lib\site-packages\sqlalchemy\orm\context.py", line 306, in orm_execute_statement
    result = conn.execute(
        statement, params or {}, execution_options=execution_options
    )
  File "d:\exercices-python-v0\.venv\Lib\site-packages\sqlalchemy\engine\base.py", line 1416, in execute
    return meth(
        self,
        distilled_parameters,
        execution_options or NO_OPTIONS,
    )
  File "d:\exercices-python-v0\.venv\Lib\site-packages\sqlalchemy\sql\elements.py", line 523, in _execute_on_connection
    return connection._execute_clauseelement(
           ~~~~~~~~~~~~~~~~~~~~~~~~~~~~~~~~~^
        self, distilled_params, execution_options
        ^^^^^^^^^^^^^^^^^^^^^^^^^^^^^^^^^^^^^^^^^
    )
    ^
  File "d:\exercices-python-v0\.venv\Lib\site-packages\sqlalchemy\engine\base.py", line 1638, in _execute_clauseelement
    ret = self._execute_context(
        dialect,
    ...<8 lines>...
        cache_hit=cache_hit,
    )
  File "d:\exercices-python-v0\.venv\Lib\site-packages\sqlalchemy\engine\base.py", line 1843, in _execute_context
    return self._exec_single_context(
           ~~~~~~~~~~~~~~~~~~~~~~~~~^
        dialect, context, statement, parameters
        ^^^^^^^^^^^^^^^^^^^^^^^^^^^^^^^^^^^^^^^
    )
    ^
  File "d:\exercices-python-v0\.venv\Lib\site-packages\sqlalchemy\engine\base.py", line 1983, in _exec_single_context
    self._handle_dbapi_exception(
    ~~~~~~~~~~~~~~~~~~~~~~~~~~~~^
        e, str_statement, effective_parameters, cursor, context
        ^^^^^^^^^^^^^^^^^^^^^^^^^^^^^^^^^^^^^^^^^^^^^^^^^^^^^^^
    )
    ^
  File "d:\exercices-python-v0\.venv\Lib\site-packages\sqlalchemy\engine\base.py", line 2352, in _handle_dbapi_exception
    raise sqlalchemy_exception.with_traceback(exc_info[2]) from e
  File "d:\exercices-python-v0\.venv\Lib\site-packages\sqlalchemy\engine\base.py", line 1964, in _exec_single_context
    self.dialect.do_execute(
    ~~~~~~~~~~~~~~~~~~~~~~~^
        cursor, str_statement, effective_parameters, context
        ^^^^^^^^^^^^^^^^^^^^^^^^^^^^^^^^^^^^^^^^^^^^^^^^^^^^
    )
    ^
  File "d:\exercices-python-v0\.venv\Lib\site-packages\sqlalchemy\engine\default.py", line 945, in do_execute
    cursor.execute(statement, parameters)
    ~~~~~~~~~~~~~~^^^^^^^^^^^^^^^^^^^^^^^
sqlalchemy.exc.OperationalError: (sqlite3.OperationalError) no such table: document
[SQL: SELECT document.id AS document_id, document.nom_fichier AS document_nom_fichier, document.nom_unique AS document_nom_unique, document.date_upload AS document_date_upload, document.taille_fichier AS document_taille_fichier, document.type_mime AS document_type_mime, document.description AS document_description, document.user_id AS document_user_id 
FROM document ORDER BY document.date_upload DESC]
(Background on this error at: https://sqlalche.me/e/20/e3q8)
2025-03-28 22:39:37,851 - werkzeug - INFO - 127.0.0.1 - - [28/Mar/2025 22:39:37] "[35m[1mGET /ged HTTP/1.1[0m" 500 -
2025-03-28 22:39:38,849 - app - ERROR - Exception on /ged [GET]
Traceback (most recent call last):
  File "d:\exercices-python-v0\.venv\Lib\site-packages\sqlalchemy\engine\base.py", line 1964, in _exec_single_context
    self.dialect.do_execute(
    ~~~~~~~~~~~~~~~~~~~~~~~^
        cursor, str_statement, effective_parameters, context
        ^^^^^^^^^^^^^^^^^^^^^^^^^^^^^^^^^^^^^^^^^^^^^^^^^^^^
    )
    ^
  File "d:\exercices-python-v0\.venv\Lib\site-packages\sqlalchemy\engine\default.py", line 945, in do_execute
    cursor.execute(statement, parameters)
    ~~~~~~~~~~~~~~^^^^^^^^^^^^^^^^^^^^^^^
sqlite3.OperationalError: no such table: document

The above exception was the direct cause of the following exception:

Traceback (most recent call last):
  File "d:\exercices-python-v0\.venv\Lib\site-packages\flask\app.py", line 2190, in wsgi_app
    response = self.full_dispatch_request()
  File "d:\exercices-python-v0\.venv\Lib\site-packages\flask\app.py", line 1486, in full_dispatch_request
    rv = self.handle_user_exception(e)
  File "d:\exercices-python-v0\.venv\Lib\site-packages\flask\app.py", line 1484, in full_dispatch_request
    rv = self.dispatch_request()
  File "d:\exercices-python-v0\.venv\Lib\site-packages\flask\app.py", line 1469, in dispatch_request
    return self.ensure_sync(self.view_functions[rule.endpoint])(**view_args)
           ~~~~~~~~~~~~~~~~~~~~~~~~~~~~~~~~~~~~~~~~~~~~~~~~~~~~^^^^^^^^^^^^^
  File "D:\exercices-python-v0\app.py", line 628, in ged
    documents = Document.query.order_by(Document.date_upload.desc()).all()
  File "d:\exercices-python-v0\.venv\Lib\site-packages\sqlalchemy\orm\query.py", line 2704, in all
    return self._iter().all()  # type: ignore
           ~~~~~~~~~~^^
  File "d:\exercices-python-v0\.venv\Lib\site-packages\sqlalchemy\orm\query.py", line 2858, in _iter
    result: Union[ScalarResult[_T], Result[_T]] = self.session.execute(
                                                  ~~~~~~~~~~~~~~~~~~~~^
        statement,
        ^^^^^^^^^^
        params,
        ^^^^^^^
        execution_options={"_sa_orm_load_options": self.load_options},
        ^^^^^^^^^^^^^^^^^^^^^^^^^^^^^^^^^^^^^^^^^^^^^^^^^^^^^^^^^^^^^^
    )
    ^
  File "d:\exercices-python-v0\.venv\Lib\site-packages\sqlalchemy\orm\session.py", line 2365, in execute
    return self._execute_internal(
           ~~~~~~~~~~~~~~~~~~~~~~^
        statement,
        ^^^^^^^^^^
    ...<4 lines>...
        _add_event=_add_event,
        ^^^^^^^^^^^^^^^^^^^^^^
    )
    ^
  File "d:\exercices-python-v0\.venv\Lib\site-packages\sqlalchemy\orm\session.py", line 2251, in _execute_internal
    result: Result[Any] = compile_state_cls.orm_execute_statement(
                          ~~~~~~~~~~~~~~~~~~~~~~~~~~~~~~~~~~~~~~~^
        self,
        ^^^^^
    ...<4 lines>...
        conn,
        ^^^^^
    )
    ^
  File "d:\exercices-python-v0\.venv\Lib\site-packages\sqlalchemy\orm\context.py", line 306, in orm_execute_statement
    result = conn.execute(
        statement, params or {}, execution_options=execution_options
    )
  File "d:\exercices-python-v0\.venv\Lib\site-packages\sqlalchemy\engine\base.py", line 1416, in execute
    return meth(
        self,
        distilled_parameters,
        execution_options or NO_OPTIONS,
    )
  File "d:\exercices-python-v0\.venv\Lib\site-packages\sqlalchemy\sql\elements.py", line 523, in _execute_on_connection
    return connection._execute_clauseelement(
           ~~~~~~~~~~~~~~~~~~~~~~~~~~~~~~~~~^
        self, distilled_params, execution_options
        ^^^^^^^^^^^^^^^^^^^^^^^^^^^^^^^^^^^^^^^^^
    )
    ^
  File "d:\exercices-python-v0\.venv\Lib\site-packages\sqlalchemy\engine\base.py", line 1638, in _execute_clauseelement
    ret = self._execute_context(
        dialect,
    ...<8 lines>...
        cache_hit=cache_hit,
    )
  File "d:\exercices-python-v0\.venv\Lib\site-packages\sqlalchemy\engine\base.py", line 1843, in _execute_context
    return self._exec_single_context(
           ~~~~~~~~~~~~~~~~~~~~~~~~~^
        dialect, context, statement, parameters
        ^^^^^^^^^^^^^^^^^^^^^^^^^^^^^^^^^^^^^^^
    )
    ^
  File "d:\exercices-python-v0\.venv\Lib\site-packages\sqlalchemy\engine\base.py", line 1983, in _exec_single_context
    self._handle_dbapi_exception(
    ~~~~~~~~~~~~~~~~~~~~~~~~~~~~^
        e, str_statement, effective_parameters, cursor, context
        ^^^^^^^^^^^^^^^^^^^^^^^^^^^^^^^^^^^^^^^^^^^^^^^^^^^^^^^
    )
    ^
  File "d:\exercices-python-v0\.venv\Lib\site-packages\sqlalchemy\engine\base.py", line 2352, in _handle_dbapi_exception
    raise sqlalchemy_exception.with_traceback(exc_info[2]) from e
  File "d:\exercices-python-v0\.venv\Lib\site-packages\sqlalchemy\engine\base.py", line 1964, in _exec_single_context
    self.dialect.do_execute(
    ~~~~~~~~~~~~~~~~~~~~~~~^
        cursor, str_statement, effective_parameters, context
        ^^^^^^^^^^^^^^^^^^^^^^^^^^^^^^^^^^^^^^^^^^^^^^^^^^^^
    )
    ^
  File "d:\exercices-python-v0\.venv\Lib\site-packages\sqlalchemy\engine\default.py", line 945, in do_execute
    cursor.execute(statement, parameters)
    ~~~~~~~~~~~~~~^^^^^^^^^^^^^^^^^^^^^^^
sqlalchemy.exc.OperationalError: (sqlite3.OperationalError) no such table: document
[SQL: SELECT document.id AS document_id, document.nom_fichier AS document_nom_fichier, document.nom_unique AS document_nom_unique, document.date_upload AS document_date_upload, document.taille_fichier AS document_taille_fichier, document.type_mime AS document_type_mime, document.description AS document_description, document.user_id AS document_user_id 
FROM document ORDER BY document.date_upload DESC]
(Background on this error at: https://sqlalche.me/e/20/e3q8)
2025-03-28 22:39:38,851 - werkzeug - INFO - 127.0.0.1 - - [28/Mar/2025 22:39:38] "[35m[1mGET /ged HTTP/1.1[0m" 500 -
2025-03-28 22:39:39,576 - app - ERROR - Exception on /ged [GET]
Traceback (most recent call last):
  File "d:\exercices-python-v0\.venv\Lib\site-packages\sqlalchemy\engine\base.py", line 1964, in _exec_single_context
    self.dialect.do_execute(
    ~~~~~~~~~~~~~~~~~~~~~~~^
        cursor, str_statement, effective_parameters, context
        ^^^^^^^^^^^^^^^^^^^^^^^^^^^^^^^^^^^^^^^^^^^^^^^^^^^^
    )
    ^
  File "d:\exercices-python-v0\.venv\Lib\site-packages\sqlalchemy\engine\default.py", line 945, in do_execute
    cursor.execute(statement, parameters)
    ~~~~~~~~~~~~~~^^^^^^^^^^^^^^^^^^^^^^^
sqlite3.OperationalError: no such table: document

The above exception was the direct cause of the following exception:

Traceback (most recent call last):
  File "d:\exercices-python-v0\.venv\Lib\site-packages\flask\app.py", line 2190, in wsgi_app
    response = self.full_dispatch_request()
  File "d:\exercices-python-v0\.venv\Lib\site-packages\flask\app.py", line 1486, in full_dispatch_request
    rv = self.handle_user_exception(e)
  File "d:\exercices-python-v0\.venv\Lib\site-packages\flask\app.py", line 1484, in full_dispatch_request
    rv = self.dispatch_request()
  File "d:\exercices-python-v0\.venv\Lib\site-packages\flask\app.py", line 1469, in dispatch_request
    return self.ensure_sync(self.view_functions[rule.endpoint])(**view_args)
           ~~~~~~~~~~~~~~~~~~~~~~~~~~~~~~~~~~~~~~~~~~~~~~~~~~~~^^^^^^^^^^^^^
  File "D:\exercices-python-v0\app.py", line 628, in ged
    documents = Document.query.order_by(Document.date_upload.desc()).all()
  File "d:\exercices-python-v0\.venv\Lib\site-packages\sqlalchemy\orm\query.py", line 2704, in all
    return self._iter().all()  # type: ignore
           ~~~~~~~~~~^^
  File "d:\exercices-python-v0\.venv\Lib\site-packages\sqlalchemy\orm\query.py", line 2858, in _iter
    result: Union[ScalarResult[_T], Result[_T]] = self.session.execute(
                                                  ~~~~~~~~~~~~~~~~~~~~^
        statement,
        ^^^^^^^^^^
        params,
        ^^^^^^^
        execution_options={"_sa_orm_load_options": self.load_options},
        ^^^^^^^^^^^^^^^^^^^^^^^^^^^^^^^^^^^^^^^^^^^^^^^^^^^^^^^^^^^^^^
    )
    ^
  File "d:\exercices-python-v0\.venv\Lib\site-packages\sqlalchemy\orm\session.py", line 2365, in execute
    return self._execute_internal(
           ~~~~~~~~~~~~~~~~~~~~~~^
        statement,
        ^^^^^^^^^^
    ...<4 lines>...
        _add_event=_add_event,
        ^^^^^^^^^^^^^^^^^^^^^^
    )
    ^
  File "d:\exercices-python-v0\.venv\Lib\site-packages\sqlalchemy\orm\session.py", line 2251, in _execute_internal
    result: Result[Any] = compile_state_cls.orm_execute_statement(
                          ~~~~~~~~~~~~~~~~~~~~~~~~~~~~~~~~~~~~~~~^
        self,
        ^^^^^
    ...<4 lines>...
        conn,
        ^^^^^
    )
    ^
  File "d:\exercices-python-v0\.venv\Lib\site-packages\sqlalchemy\orm\context.py", line 306, in orm_execute_statement
    result = conn.execute(
        statement, params or {}, execution_options=execution_options
    )
  File "d:\exercices-python-v0\.venv\Lib\site-packages\sqlalchemy\engine\base.py", line 1416, in execute
    return meth(
        self,
        distilled_parameters,
        execution_options or NO_OPTIONS,
    )
  File "d:\exercices-python-v0\.venv\Lib\site-packages\sqlalchemy\sql\elements.py", line 523, in _execute_on_connection
    return connection._execute_clauseelement(
           ~~~~~~~~~~~~~~~~~~~~~~~~~~~~~~~~~^
        self, distilled_params, execution_options
        ^^^^^^^^^^^^^^^^^^^^^^^^^^^^^^^^^^^^^^^^^
    )
    ^
  File "d:\exercices-python-v0\.venv\Lib\site-packages\sqlalchemy\engine\base.py", line 1638, in _execute_clauseelement
    ret = self._execute_context(
        dialect,
    ...<8 lines>...
        cache_hit=cache_hit,
    )
  File "d:\exercices-python-v0\.venv\Lib\site-packages\sqlalchemy\engine\base.py", line 1843, in _execute_context
    return self._exec_single_context(
           ~~~~~~~~~~~~~~~~~~~~~~~~~^
        dialect, context, statement, parameters
        ^^^^^^^^^^^^^^^^^^^^^^^^^^^^^^^^^^^^^^^
    )
    ^
  File "d:\exercices-python-v0\.venv\Lib\site-packages\sqlalchemy\engine\base.py", line 1983, in _exec_single_context
    self._handle_dbapi_exception(
    ~~~~~~~~~~~~~~~~~~~~~~~~~~~~^
        e, str_statement, effective_parameters, cursor, context
        ^^^^^^^^^^^^^^^^^^^^^^^^^^^^^^^^^^^^^^^^^^^^^^^^^^^^^^^
    )
    ^
  File "d:\exercices-python-v0\.venv\Lib\site-packages\sqlalchemy\engine\base.py", line 2352, in _handle_dbapi_exception
    raise sqlalchemy_exception.with_traceback(exc_info[2]) from e
  File "d:\exercices-python-v0\.venv\Lib\site-packages\sqlalchemy\engine\base.py", line 1964, in _exec_single_context
    self.dialect.do_execute(
    ~~~~~~~~~~~~~~~~~~~~~~~^
        cursor, str_statement, effective_parameters, context
        ^^^^^^^^^^^^^^^^^^^^^^^^^^^^^^^^^^^^^^^^^^^^^^^^^^^^
    )
    ^
  File "d:\exercices-python-v0\.venv\Lib\site-packages\sqlalchemy\engine\default.py", line 945, in do_execute
    cursor.execute(statement, parameters)
    ~~~~~~~~~~~~~~^^^^^^^^^^^^^^^^^^^^^^^
sqlalchemy.exc.OperationalError: (sqlite3.OperationalError) no such table: document
[SQL: SELECT document.id AS document_id, document.nom_fichier AS document_nom_fichier, document.nom_unique AS document_nom_unique, document.date_upload AS document_date_upload, document.taille_fichier AS document_taille_fichier, document.type_mime AS document_type_mime, document.description AS document_description, document.user_id AS document_user_id 
FROM document ORDER BY document.date_upload DESC]
(Background on this error at: https://sqlalche.me/e/20/e3q8)
2025-03-28 22:39:39,579 - werkzeug - INFO - 127.0.0.1 - - [28/Mar/2025 22:39:39] "[35m[1mGET /ged HTTP/1.1[0m" 500 -
2025-03-28 22:39:39,989 - app - ERROR - Exception on /ged [GET]
Traceback (most recent call last):
  File "d:\exercices-python-v0\.venv\Lib\site-packages\sqlalchemy\engine\base.py", line 1964, in _exec_single_context
    self.dialect.do_execute(
    ~~~~~~~~~~~~~~~~~~~~~~~^
        cursor, str_statement, effective_parameters, context
        ^^^^^^^^^^^^^^^^^^^^^^^^^^^^^^^^^^^^^^^^^^^^^^^^^^^^
    )
    ^
  File "d:\exercices-python-v0\.venv\Lib\site-packages\sqlalchemy\engine\default.py", line 945, in do_execute
    cursor.execute(statement, parameters)
    ~~~~~~~~~~~~~~^^^^^^^^^^^^^^^^^^^^^^^
sqlite3.OperationalError: no such table: document

The above exception was the direct cause of the following exception:

Traceback (most recent call last):
  File "d:\exercices-python-v0\.venv\Lib\site-packages\flask\app.py", line 2190, in wsgi_app
    response = self.full_dispatch_request()
  File "d:\exercices-python-v0\.venv\Lib\site-packages\flask\app.py", line 1486, in full_dispatch_request
    rv = self.handle_user_exception(e)
  File "d:\exercices-python-v0\.venv\Lib\site-packages\flask\app.py", line 1484, in full_dispatch_request
    rv = self.dispatch_request()
  File "d:\exercices-python-v0\.venv\Lib\site-packages\flask\app.py", line 1469, in dispatch_request
    return self.ensure_sync(self.view_functions[rule.endpoint])(**view_args)
           ~~~~~~~~~~~~~~~~~~~~~~~~~~~~~~~~~~~~~~~~~~~~~~~~~~~~^^^^^^^^^^^^^
  File "D:\exercices-python-v0\app.py", line 628, in ged
    documents = Document.query.order_by(Document.date_upload.desc()).all()
  File "d:\exercices-python-v0\.venv\Lib\site-packages\sqlalchemy\orm\query.py", line 2704, in all
    return self._iter().all()  # type: ignore
           ~~~~~~~~~~^^
  File "d:\exercices-python-v0\.venv\Lib\site-packages\sqlalchemy\orm\query.py", line 2858, in _iter
    result: Union[ScalarResult[_T], Result[_T]] = self.session.execute(
                                                  ~~~~~~~~~~~~~~~~~~~~^
        statement,
        ^^^^^^^^^^
        params,
        ^^^^^^^
        execution_options={"_sa_orm_load_options": self.load_options},
        ^^^^^^^^^^^^^^^^^^^^^^^^^^^^^^^^^^^^^^^^^^^^^^^^^^^^^^^^^^^^^^
    )
    ^
  File "d:\exercices-python-v0\.venv\Lib\site-packages\sqlalchemy\orm\session.py", line 2365, in execute
    return self._execute_internal(
           ~~~~~~~~~~~~~~~~~~~~~~^
        statement,
        ^^^^^^^^^^
    ...<4 lines>...
        _add_event=_add_event,
        ^^^^^^^^^^^^^^^^^^^^^^
    )
    ^
  File "d:\exercices-python-v0\.venv\Lib\site-packages\sqlalchemy\orm\session.py", line 2251, in _execute_internal
    result: Result[Any] = compile_state_cls.orm_execute_statement(
                          ~~~~~~~~~~~~~~~~~~~~~~~~~~~~~~~~~~~~~~~^
        self,
        ^^^^^
    ...<4 lines>...
        conn,
        ^^^^^
    )
    ^
  File "d:\exercices-python-v0\.venv\Lib\site-packages\sqlalchemy\orm\context.py", line 306, in orm_execute_statement
    result = conn.execute(
        statement, params or {}, execution_options=execution_options
    )
  File "d:\exercices-python-v0\.venv\Lib\site-packages\sqlalchemy\engine\base.py", line 1416, in execute
    return meth(
        self,
        distilled_parameters,
        execution_options or NO_OPTIONS,
    )
  File "d:\exercices-python-v0\.venv\Lib\site-packages\sqlalchemy\sql\elements.py", line 523, in _execute_on_connection
    return connection._execute_clauseelement(
           ~~~~~~~~~~~~~~~~~~~~~~~~~~~~~~~~~^
        self, distilled_params, execution_options
        ^^^^^^^^^^^^^^^^^^^^^^^^^^^^^^^^^^^^^^^^^
    )
    ^
  File "d:\exercices-python-v0\.venv\Lib\site-packages\sqlalchemy\engine\base.py", line 1638, in _execute_clauseelement
    ret = self._execute_context(
        dialect,
    ...<8 lines>...
        cache_hit=cache_hit,
    )
  File "d:\exercices-python-v0\.venv\Lib\site-packages\sqlalchemy\engine\base.py", line 1843, in _execute_context
    return self._exec_single_context(
           ~~~~~~~~~~~~~~~~~~~~~~~~~^
        dialect, context, statement, parameters
        ^^^^^^^^^^^^^^^^^^^^^^^^^^^^^^^^^^^^^^^
    )
    ^
  File "d:\exercices-python-v0\.venv\Lib\site-packages\sqlalchemy\engine\base.py", line 1983, in _exec_single_context
    self._handle_dbapi_exception(
    ~~~~~~~~~~~~~~~~~~~~~~~~~~~~^
        e, str_statement, effective_parameters, cursor, context
        ^^^^^^^^^^^^^^^^^^^^^^^^^^^^^^^^^^^^^^^^^^^^^^^^^^^^^^^
    )
    ^
  File "d:\exercices-python-v0\.venv\Lib\site-packages\sqlalchemy\engine\base.py", line 2352, in _handle_dbapi_exception
    raise sqlalchemy_exception.with_traceback(exc_info[2]) from e
  File "d:\exercices-python-v0\.venv\Lib\site-packages\sqlalchemy\engine\base.py", line 1964, in _exec_single_context
    self.dialect.do_execute(
    ~~~~~~~~~~~~~~~~~~~~~~~^
        cursor, str_statement, effective_parameters, context
        ^^^^^^^^^^^^^^^^^^^^^^^^^^^^^^^^^^^^^^^^^^^^^^^^^^^^
    )
    ^
  File "d:\exercices-python-v0\.venv\Lib\site-packages\sqlalchemy\engine\default.py", line 945, in do_execute
    cursor.execute(statement, parameters)
    ~~~~~~~~~~~~~~^^^^^^^^^^^^^^^^^^^^^^^
sqlalchemy.exc.OperationalError: (sqlite3.OperationalError) no such table: document
[SQL: SELECT document.id AS document_id, document.nom_fichier AS document_nom_fichier, document.nom_unique AS document_nom_unique, document.date_upload AS document_date_upload, document.taille_fichier AS document_taille_fichier, document.type_mime AS document_type_mime, document.description AS document_description, document.user_id AS document_user_id 
FROM document ORDER BY document.date_upload DESC]
(Background on this error at: https://sqlalche.me/e/20/e3q8)
2025-03-28 22:39:39,991 - werkzeug - INFO - 127.0.0.1 - - [28/Mar/2025 22:39:39] "[35m[1mGET /ged HTTP/1.1[0m" 500 -
2025-03-28 22:39:40,210 - app - ERROR - Exception on /ged [GET]
Traceback (most recent call last):
  File "d:\exercices-python-v0\.venv\Lib\site-packages\sqlalchemy\engine\base.py", line 1964, in _exec_single_context
    self.dialect.do_execute(
    ~~~~~~~~~~~~~~~~~~~~~~~^
        cursor, str_statement, effective_parameters, context
        ^^^^^^^^^^^^^^^^^^^^^^^^^^^^^^^^^^^^^^^^^^^^^^^^^^^^
    )
    ^
  File "d:\exercices-python-v0\.venv\Lib\site-packages\sqlalchemy\engine\default.py", line 945, in do_execute
    cursor.execute(statement, parameters)
    ~~~~~~~~~~~~~~^^^^^^^^^^^^^^^^^^^^^^^
sqlite3.OperationalError: no such table: document

The above exception was the direct cause of the following exception:

Traceback (most recent call last):
  File "d:\exercices-python-v0\.venv\Lib\site-packages\flask\app.py", line 2190, in wsgi_app
    response = self.full_dispatch_request()
  File "d:\exercices-python-v0\.venv\Lib\site-packages\flask\app.py", line 1486, in full_dispatch_request
    rv = self.handle_user_exception(e)
  File "d:\exercices-python-v0\.venv\Lib\site-packages\flask\app.py", line 1484, in full_dispatch_request
    rv = self.dispatch_request()
  File "d:\exercices-python-v0\.venv\Lib\site-packages\flask\app.py", line 1469, in dispatch_request
    return self.ensure_sync(self.view_functions[rule.endpoint])(**view_args)
           ~~~~~~~~~~~~~~~~~~~~~~~~~~~~~~~~~~~~~~~~~~~~~~~~~~~~^^^^^^^^^^^^^
  File "D:\exercices-python-v0\app.py", line 628, in ged
    documents = Document.query.order_by(Document.date_upload.desc()).all()
  File "d:\exercices-python-v0\.venv\Lib\site-packages\sqlalchemy\orm\query.py", line 2704, in all
    return self._iter().all()  # type: ignore
           ~~~~~~~~~~^^
  File "d:\exercices-python-v0\.venv\Lib\site-packages\sqlalchemy\orm\query.py", line 2858, in _iter
    result: Union[ScalarResult[_T], Result[_T]] = self.session.execute(
                                                  ~~~~~~~~~~~~~~~~~~~~^
        statement,
        ^^^^^^^^^^
        params,
        ^^^^^^^
        execution_options={"_sa_orm_load_options": self.load_options},
        ^^^^^^^^^^^^^^^^^^^^^^^^^^^^^^^^^^^^^^^^^^^^^^^^^^^^^^^^^^^^^^
    )
    ^
  File "d:\exercices-python-v0\.venv\Lib\site-packages\sqlalchemy\orm\session.py", line 2365, in execute
    return self._execute_internal(
           ~~~~~~~~~~~~~~~~~~~~~~^
        statement,
        ^^^^^^^^^^
    ...<4 lines>...
        _add_event=_add_event,
        ^^^^^^^^^^^^^^^^^^^^^^
    )
    ^
  File "d:\exercices-python-v0\.venv\Lib\site-packages\sqlalchemy\orm\session.py", line 2251, in _execute_internal
    result: Result[Any] = compile_state_cls.orm_execute_statement(
                          ~~~~~~~~~~~~~~~~~~~~~~~~~~~~~~~~~~~~~~~^
        self,
        ^^^^^
    ...<4 lines>...
        conn,
        ^^^^^
    )
    ^
  File "d:\exercices-python-v0\.venv\Lib\site-packages\sqlalchemy\orm\context.py", line 306, in orm_execute_statement
    result = conn.execute(
        statement, params or {}, execution_options=execution_options
    )
  File "d:\exercices-python-v0\.venv\Lib\site-packages\sqlalchemy\engine\base.py", line 1416, in execute
    return meth(
        self,
        distilled_parameters,
        execution_options or NO_OPTIONS,
    )
  File "d:\exercices-python-v0\.venv\Lib\site-packages\sqlalchemy\sql\elements.py", line 523, in _execute_on_connection
    return connection._execute_clauseelement(
           ~~~~~~~~~~~~~~~~~~~~~~~~~~~~~~~~~^
        self, distilled_params, execution_options
        ^^^^^^^^^^^^^^^^^^^^^^^^^^^^^^^^^^^^^^^^^
    )
    ^
  File "d:\exercices-python-v0\.venv\Lib\site-packages\sqlalchemy\engine\base.py", line 1638, in _execute_clauseelement
    ret = self._execute_context(
        dialect,
    ...<8 lines>...
        cache_hit=cache_hit,
    )
  File "d:\exercices-python-v0\.venv\Lib\site-packages\sqlalchemy\engine\base.py", line 1843, in _execute_context
    return self._exec_single_context(
           ~~~~~~~~~~~~~~~~~~~~~~~~~^
        dialect, context, statement, parameters
        ^^^^^^^^^^^^^^^^^^^^^^^^^^^^^^^^^^^^^^^
    )
    ^
  File "d:\exercices-python-v0\.venv\Lib\site-packages\sqlalchemy\engine\base.py", line 1983, in _exec_single_context
    self._handle_dbapi_exception(
    ~~~~~~~~~~~~~~~~~~~~~~~~~~~~^
        e, str_statement, effective_parameters, cursor, context
        ^^^^^^^^^^^^^^^^^^^^^^^^^^^^^^^^^^^^^^^^^^^^^^^^^^^^^^^
    )
    ^
  File "d:\exercices-python-v0\.venv\Lib\site-packages\sqlalchemy\engine\base.py", line 2352, in _handle_dbapi_exception
    raise sqlalchemy_exception.with_traceback(exc_info[2]) from e
  File "d:\exercices-python-v0\.venv\Lib\site-packages\sqlalchemy\engine\base.py", line 1964, in _exec_single_context
    self.dialect.do_execute(
    ~~~~~~~~~~~~~~~~~~~~~~~^
        cursor, str_statement, effective_parameters, context
        ^^^^^^^^^^^^^^^^^^^^^^^^^^^^^^^^^^^^^^^^^^^^^^^^^^^^
    )
    ^
  File "d:\exercices-python-v0\.venv\Lib\site-packages\sqlalchemy\engine\default.py", line 945, in do_execute
    cursor.execute(statement, parameters)
    ~~~~~~~~~~~~~~^^^^^^^^^^^^^^^^^^^^^^^
sqlalchemy.exc.OperationalError: (sqlite3.OperationalError) no such table: document
[SQL: SELECT document.id AS document_id, document.nom_fichier AS document_nom_fichier, document.nom_unique AS document_nom_unique, document.date_upload AS document_date_upload, document.taille_fichier AS document_taille_fichier, document.type_mime AS document_type_mime, document.description AS document_description, document.user_id AS document_user_id 
FROM document ORDER BY document.date_upload DESC]
(Background on this error at: https://sqlalche.me/e/20/e3q8)
2025-03-28 22:39:40,212 - werkzeug - INFO - 127.0.0.1 - - [28/Mar/2025 22:39:40] "[35m[1mGET /ged HTTP/1.1[0m" 500 -
2025-03-28 22:39:45,169 - werkzeug - INFO - 127.0.0.1 - - [28/Mar/2025 22:39:45] "GET / HTTP/1.1" 200 -
2025-03-28 22:39:45,213 - werkzeug - INFO - 127.0.0.1 - - [28/Mar/2025 22:39:45] "[36mGET /static/style.css HTTP/1.1[0m" 304 -
2025-03-28 22:39:45,217 - werkzeug - INFO - 127.0.0.1 - - [28/Mar/2025 22:39:45] "[36mGET /static/script.js HTTP/1.1[0m" 304 -
2025-03-28 22:39:45,217 - werkzeug - INFO - 127.0.0.1 - - [28/Mar/2025 22:39:45] "[36mGET /static/logo.jpg HTTP/1.1[0m" 304 -
2025-03-28 22:40:00,112 - werkzeug - INFO - 127.0.0.1 - - [28/Mar/2025 22:40:00] "GET /data-editor HTTP/1.1" 200 -
2025-03-28 22:40:00,149 - werkzeug - INFO - 127.0.0.1 - - [28/Mar/2025 22:40:00] "[36mGET /static/style.css HTTP/1.1[0m" 304 -
2025-03-28 22:40:00,155 - werkzeug - INFO - 127.0.0.1 - - [28/Mar/2025 22:40:00] "[36mGET /static/logo.jpg HTTP/1.1[0m" 304 -
2025-03-28 22:40:00,155 - werkzeug - INFO - 127.0.0.1 - - [28/Mar/2025 22:40:00] "[36mGET /static/script.js HTTP/1.1[0m" 304 -
2025-03-28 22:40:11,826 - app - ERROR - Exception on /ged [GET]
Traceback (most recent call last):
  File "d:\exercices-python-v0\.venv\Lib\site-packages\sqlalchemy\engine\base.py", line 1964, in _exec_single_context
    self.dialect.do_execute(
    ~~~~~~~~~~~~~~~~~~~~~~~^
        cursor, str_statement, effective_parameters, context
        ^^^^^^^^^^^^^^^^^^^^^^^^^^^^^^^^^^^^^^^^^^^^^^^^^^^^
    )
    ^
  File "d:\exercices-python-v0\.venv\Lib\site-packages\sqlalchemy\engine\default.py", line 945, in do_execute
    cursor.execute(statement, parameters)
    ~~~~~~~~~~~~~~^^^^^^^^^^^^^^^^^^^^^^^
sqlite3.OperationalError: no such table: document

The above exception was the direct cause of the following exception:

Traceback (most recent call last):
  File "d:\exercices-python-v0\.venv\Lib\site-packages\flask\app.py", line 2190, in wsgi_app
    response = self.full_dispatch_request()
  File "d:\exercices-python-v0\.venv\Lib\site-packages\flask\app.py", line 1486, in full_dispatch_request
    rv = self.handle_user_exception(e)
  File "d:\exercices-python-v0\.venv\Lib\site-packages\flask\app.py", line 1484, in full_dispatch_request
    rv = self.dispatch_request()
  File "d:\exercices-python-v0\.venv\Lib\site-packages\flask\app.py", line 1469, in dispatch_request
    return self.ensure_sync(self.view_functions[rule.endpoint])(**view_args)
           ~~~~~~~~~~~~~~~~~~~~~~~~~~~~~~~~~~~~~~~~~~~~~~~~~~~~^^^^^^^^^^^^^
  File "D:\exercices-python-v0\app.py", line 628, in ged
    documents = Document.query.order_by(Document.date_upload.desc()).all()
  File "d:\exercices-python-v0\.venv\Lib\site-packages\sqlalchemy\orm\query.py", line 2704, in all
    return self._iter().all()  # type: ignore
           ~~~~~~~~~~^^
  File "d:\exercices-python-v0\.venv\Lib\site-packages\sqlalchemy\orm\query.py", line 2858, in _iter
    result: Union[ScalarResult[_T], Result[_T]] = self.session.execute(
                                                  ~~~~~~~~~~~~~~~~~~~~^
        statement,
        ^^^^^^^^^^
        params,
        ^^^^^^^
        execution_options={"_sa_orm_load_options": self.load_options},
        ^^^^^^^^^^^^^^^^^^^^^^^^^^^^^^^^^^^^^^^^^^^^^^^^^^^^^^^^^^^^^^
    )
    ^
  File "d:\exercices-python-v0\.venv\Lib\site-packages\sqlalchemy\orm\session.py", line 2365, in execute
    return self._execute_internal(
           ~~~~~~~~~~~~~~~~~~~~~~^
        statement,
        ^^^^^^^^^^
    ...<4 lines>...
        _add_event=_add_event,
        ^^^^^^^^^^^^^^^^^^^^^^
    )
    ^
  File "d:\exercices-python-v0\.venv\Lib\site-packages\sqlalchemy\orm\session.py", line 2251, in _execute_internal
    result: Result[Any] = compile_state_cls.orm_execute_statement(
                          ~~~~~~~~~~~~~~~~~~~~~~~~~~~~~~~~~~~~~~~^
        self,
        ^^^^^
    ...<4 lines>...
        conn,
        ^^^^^
    )
    ^
  File "d:\exercices-python-v0\.venv\Lib\site-packages\sqlalchemy\orm\context.py", line 306, in orm_execute_statement
    result = conn.execute(
        statement, params or {}, execution_options=execution_options
    )
  File "d:\exercices-python-v0\.venv\Lib\site-packages\sqlalchemy\engine\base.py", line 1416, in execute
    return meth(
        self,
        distilled_parameters,
        execution_options or NO_OPTIONS,
    )
  File "d:\exercices-python-v0\.venv\Lib\site-packages\sqlalchemy\sql\elements.py", line 523, in _execute_on_connection
    return connection._execute_clauseelement(
           ~~~~~~~~~~~~~~~~~~~~~~~~~~~~~~~~~^
        self, distilled_params, execution_options
        ^^^^^^^^^^^^^^^^^^^^^^^^^^^^^^^^^^^^^^^^^
    )
    ^
  File "d:\exercices-python-v0\.venv\Lib\site-packages\sqlalchemy\engine\base.py", line 1638, in _execute_clauseelement
    ret = self._execute_context(
        dialect,
    ...<8 lines>...
        cache_hit=cache_hit,
    )
  File "d:\exercices-python-v0\.venv\Lib\site-packages\sqlalchemy\engine\base.py", line 1843, in _execute_context
    return self._exec_single_context(
           ~~~~~~~~~~~~~~~~~~~~~~~~~^
        dialect, context, statement, parameters
        ^^^^^^^^^^^^^^^^^^^^^^^^^^^^^^^^^^^^^^^
    )
    ^
  File "d:\exercices-python-v0\.venv\Lib\site-packages\sqlalchemy\engine\base.py", line 1983, in _exec_single_context
    self._handle_dbapi_exception(
    ~~~~~~~~~~~~~~~~~~~~~~~~~~~~^
        e, str_statement, effective_parameters, cursor, context
        ^^^^^^^^^^^^^^^^^^^^^^^^^^^^^^^^^^^^^^^^^^^^^^^^^^^^^^^
    )
    ^
  File "d:\exercices-python-v0\.venv\Lib\site-packages\sqlalchemy\engine\base.py", line 2352, in _handle_dbapi_exception
    raise sqlalchemy_exception.with_traceback(exc_info[2]) from e
  File "d:\exercices-python-v0\.venv\Lib\site-packages\sqlalchemy\engine\base.py", line 1964, in _exec_single_context
    self.dialect.do_execute(
    ~~~~~~~~~~~~~~~~~~~~~~~^
        cursor, str_statement, effective_parameters, context
        ^^^^^^^^^^^^^^^^^^^^^^^^^^^^^^^^^^^^^^^^^^^^^^^^^^^^
    )
    ^
  File "d:\exercices-python-v0\.venv\Lib\site-packages\sqlalchemy\engine\default.py", line 945, in do_execute
    cursor.execute(statement, parameters)
    ~~~~~~~~~~~~~~^^^^^^^^^^^^^^^^^^^^^^^
sqlalchemy.exc.OperationalError: (sqlite3.OperationalError) no such table: document
[SQL: SELECT document.id AS document_id, document.nom_fichier AS document_nom_fichier, document.nom_unique AS document_nom_unique, document.date_upload AS document_date_upload, document.taille_fichier AS document_taille_fichier, document.type_mime AS document_type_mime, document.description AS document_description, document.user_id AS document_user_id 
FROM document ORDER BY document.date_upload DESC]
(Background on this error at: https://sqlalche.me/e/20/e3q8)
2025-03-28 22:40:11,829 - werkzeug - INFO - 127.0.0.1 - - [28/Mar/2025 22:40:11] "[35m[1mGET /ged HTTP/1.1[0m" 500 -
2025-03-28 22:41:35,446 - werkzeug - INFO - [31m[1mWARNING: This is a development server. Do not use it in a production deployment. Use a production WSGI server instead.[0m
 * Running on http://127.0.0.1:5000
2025-03-28 22:41:35,446 - werkzeug - INFO - [33mPress CTRL+C to quit[0m
2025-03-28 22:41:35,464 - werkzeug - INFO - 127.0.0.1 - - [28/Mar/2025 22:41:35] "GET /ged HTTP/1.1" 200 -
2025-03-28 22:41:35,521 - werkzeug - INFO - 127.0.0.1 - - [28/Mar/2025 22:41:35] "[36mGET /static/style.css HTTP/1.1[0m" 304 -
2025-03-28 22:41:35,552 - werkzeug - INFO - 127.0.0.1 - - [28/Mar/2025 22:41:35] "[36mGET /static/script.js HTTP/1.1[0m" 304 -
2025-03-28 22:41:35,553 - werkzeug - INFO - 127.0.0.1 - - [28/Mar/2025 22:41:35] "[36mGET /static/logo.jpg HTTP/1.1[0m" 304 -
2025-03-28 22:41:48,753 - werkzeug - INFO - 127.0.0.1 - - [28/Mar/2025 22:41:48] "GET /ged HTTP/1.1" 200 -
2025-03-28 22:41:48,766 - werkzeug - INFO - 127.0.0.1 - - [28/Mar/2025 22:41:48] "[36mGET /static/style.css HTTP/1.1[0m" 304 -
2025-03-28 22:41:48,769 - werkzeug - INFO - 127.0.0.1 - - [28/Mar/2025 22:41:48] "[36mGET /static/logo.jpg HTTP/1.1[0m" 304 -
2025-03-28 22:41:48,779 - werkzeug - INFO - 127.0.0.1 - - [28/Mar/2025 22:41:48] "[36mGET /static/script.js HTTP/1.1[0m" 304 -
2025-03-28 22:42:15,331 - werkzeug - INFO - 127.0.0.1 - - [28/Mar/2025 22:42:15] "POST /ged/upload HTTP/1.1" 200 -
2025-03-28 22:42:16,343 - werkzeug - INFO - 127.0.0.1 - - [28/Mar/2025 22:42:16] "GET /ged HTTP/1.1" 200 -
2025-03-28 22:42:16,380 - werkzeug - INFO - 127.0.0.1 - - [28/Mar/2025 22:42:16] "[36mGET /static/style.css HTTP/1.1[0m" 304 -
2025-03-28 22:42:16,382 - werkzeug - INFO - 127.0.0.1 - - [28/Mar/2025 22:42:16] "[36mGET /static/logo.jpg HTTP/1.1[0m" 304 -
2025-03-28 22:42:16,384 - werkzeug - INFO - 127.0.0.1 - - [28/Mar/2025 22:42:16] "[36mGET /static/script.js HTTP/1.1[0m" 304 -
2025-03-28 22:42:29,556 - werkzeug - INFO - 127.0.0.1 - - [28/Mar/2025 22:42:29] "POST /ged/upload HTTP/1.1" 200 -
2025-03-28 22:42:30,569 - werkzeug - INFO - 127.0.0.1 - - [28/Mar/2025 22:42:30] "GET /ged HTTP/1.1" 200 -
2025-03-28 22:42:30,602 - werkzeug - INFO - 127.0.0.1 - - [28/Mar/2025 22:42:30] "[36mGET /static/style.css HTTP/1.1[0m" 304 -
2025-03-28 22:42:30,604 - werkzeug - INFO - 127.0.0.1 - - [28/Mar/2025 22:42:30] "[36mGET /static/logo.jpg HTTP/1.1[0m" 304 -
2025-03-28 22:42:30,605 - werkzeug - INFO - 127.0.0.1 - - [28/Mar/2025 22:42:30] "[36mGET /static/script.js HTTP/1.1[0m" 304 -
2025-03-28 22:42:42,433 - werkzeug - INFO - 127.0.0.1 - - [28/Mar/2025 22:42:42] "POST /ged/upload HTTP/1.1" 200 -
2025-03-28 22:42:43,458 - werkzeug - INFO - 127.0.0.1 - - [28/Mar/2025 22:42:43] "GET /ged HTTP/1.1" 200 -
2025-03-28 22:42:43,477 - werkzeug - INFO - 127.0.0.1 - - [28/Mar/2025 22:42:43] "[36mGET /static/style.css HTTP/1.1[0m" 304 -
2025-03-28 22:42:43,485 - werkzeug - INFO - 127.0.0.1 - - [28/Mar/2025 22:42:43] "[36mGET /static/logo.jpg HTTP/1.1[0m" 304 -
2025-03-28 22:42:43,491 - werkzeug - INFO - 127.0.0.1 - - [28/Mar/2025 22:42:43] "[36mGET /static/script.js HTTP/1.1[0m" 304 -
2025-03-28 22:42:58,416 - werkzeug - INFO - 127.0.0.1 - - [28/Mar/2025 22:42:58] "[31m[1mPOST /ged/upload HTTP/1.1[0m" 413 -
2025-03-28 22:43:11,601 - werkzeug - INFO - 127.0.0.1 - - [28/Mar/2025 22:43:11] "POST /ged/upload HTTP/1.1" 200 -
2025-03-28 22:43:12,611 - werkzeug - INFO - 127.0.0.1 - - [28/Mar/2025 22:43:12] "GET /ged HTTP/1.1" 200 -
2025-03-28 22:43:12,648 - werkzeug - INFO - 127.0.0.1 - - [28/Mar/2025 22:43:12] "[36mGET /static/style.css HTTP/1.1[0m" 304 -
2025-03-28 22:43:12,650 - werkzeug - INFO - 127.0.0.1 - - [28/Mar/2025 22:43:12] "[36mGET /static/logo.jpg HTTP/1.1[0m" 304 -
2025-03-28 22:43:12,651 - werkzeug - INFO - 127.0.0.1 - - [28/Mar/2025 22:43:12] "[36mGET /static/script.js HTTP/1.1[0m" 304 -
